<?xml version="1.0" encoding="UTF-8"?>
<testsuite xmlns:xsi="http://www.w3.org/2001/XMLSchema-instance" xsi:noNamespaceSchemaLocation="https://maven.apache.org/surefire/maven-surefire-plugin/xsd/surefire-test-report-3.0.xsd" version="3.0" name="TestSuite" time="66.191" tests="2" errors="0" skipped="0" failures="0">
  <properties>
    <property name="appender.console.type" value="Console"/>
    <property name="cucumber.publish.quiet" value="true"/>
    <property name="appender.console.layout.pattern" value="%highlight{[%p]}{FATAL=red blink, ERROR=red bold, WARN=yellow bold, INFO=fg_#0060a8 bold, DEBUG=fg_#43b02a bold, TRACE=black} %style{%m }%style{| %-logger}{bright_black} %style{- %-thread}{bright_black} %style{- %d{hh:mm:ss a}}{bright_black} %n"/>
    <property name="java.specification.version" value="18"/>
    <property name="capabilities.appiumVersion" value=""/>
    <property name="sun.cpu.isalist" value="amd64"/>
    <property name="sun.jnu.encoding" value="Cp1252"/>
    <property name="setPreserveOrder" value="true"/>
    <property name="sun.arch.data.model" value="64"/>
    <property name="authorization" value=""/>
    <property name="disableLogging" value="false"/>
    <property name="projectKey" value=""/>
    <property name="testDataFolderPath" value="src/test/resources/testDataFiles/"/>
    <property name="java.vendor.url" value="https://java.oracle.com/"/>
    <property name="jiraUrl" value="https://"/>
    <property name="logger.app.level" value="WARN"/>
    <property name="propertiesFolderPath_CI" value=""/>
    <property name="cucumber.filter.name" value=""/>
    <property name="ReportBugs" value="true"/>
    <property name="allureResultsFolderPath" value="allure-results/"/>
    <property name="sun.boot.library.path" value="C:\Program Files\Java\jdk-18.0.2.1\bin"/>
    <property name="sun.java.command" value="C:\Users\DELL\AppData\Local\Temp\surefire2229586464794945500\surefirebooter-20230429183128625_3.jar C:\Users\DELL\AppData\Local\Temp\surefire2229586464794945500 2023-04-29T18-31-28_517-jvmRun1 surefire-20230429183128625_1tmp surefire_0-20230429183128625_2tmp"/>
    <property name="jdk.debug" value="release"/>
    <property name="appender.console.filter.threshold.type" value="ThresholdFilter"/>
    <property name="screenshotParams_watermarkOpacity" value="0.2"/>
    <property name="java.specification.vendor" value="Oracle Corporation"/>
    <property name="extentReportsFolderPath" value="extent-reports/"/>
    <property name="java.version.date" value="2022-08-18"/>
    <property name="java.home" value="C:\Program Files\Java\jdk-18.0.2.1"/>
    <property name="testng.dtd.http" value="true"/>
    <property name="basedir" value="D:\Study\Shaft\Automationexercise"/>
    <property name="file.separator" value="\"/>
    <property name="alwaysLogDiscreetly" value="true"/>
    <property name="java.vm.compressedOopsMode" value="Zero based"/>
    <property name="line.separator" value="&#10;"/>
    <property name="ExecutionName" value=""/>
    <property name="java.vm.specification.vendor" value="Oracle Corporation"/>
    <property name="java.specification.name" value="Java Platform API Specification"/>
    <property name="appender.file.layout.pattern" value="[%-5level] %d{yyyy-MM-dd HH:mm:ss.SSS} [%t] %c{1} - %msg%n"/>
    <property name="videoParams_recordVideo" value="true"/>
    <property name="assignee" value=""/>
    <property name="cucumber.object-factory" value=""/>
    <property name="allure.link.custom.pattern" value="{}"/>
    <property name="targetOperatingSystem" value="WINDOWS"/>
    <property name="rootLogger" value="debug, STDOUT, LOGFILE"/>
    <property name="user.script" value=""/>
    <property name="propertiesFolderPath" value="src/main/resources/properties/"/>
    <property name="appender.file.layout.type" value="PatternLayout"/>
    <property name="sun.management.compiler" value="HotSpot 64-Bit Tiered Compilers"/>
    <property name="generateAllureReportArchive" value="true"/>
    <property name="java.runtime.version" value="18.0.2.1+1-1"/>
    <property name="appender.file.fileName" value="target/logs/log4j.log"/>
    <property name="user.name" value="DELL"/>
    <property name="jiraInteraction" value="false"/>
    <property name="screenshotParams_watermark" value="true"/>
    <property name="file.encoding" value="UTF-8"/>
    <property name="capabilities.deviceQuery" value=""/>
    <property name="cleanExtentReportsDirectoryBeforeExecution" value="true"/>
    <property name="cleanAllureResultsDirectoryBeforeExecution" value="true"/>
    <property name="authType" value="undefined"/>
    <property name="appender.file.filter.threshold.type" value="ThresholdFilter"/>
    <property name="localRepository" value="C:\Users\DELL\.m2\repository"/>
    <property name="java.io.tmpdir" value="C:\Users\DELL\AppData\Local\Temp\"/>
    <property name="java.version" value="18.0.2.1"/>
    <property name="reportPath" value="target/surefire-reports/testng-results.xml"/>
    <property name="capabilities.accessKey" value=""/>
    <property name="openLighthouseReportWhileExecution" value="true"/>
    <property name="ExecutionDescription" value=""/>
    <property name="java.vm.specification.name" value="Java Virtual Machine Specification"/>
    <property name="attachExtentReportToAllureReport" value="true"/>
    <property name="sun.os.patch.level" value=""/>
    <property name="native.encoding" value="Cp1252"/>
    <property name="java.library.path" value="C:\Program Files\Java\jdk-18.0.2.1\bin;C:\WINDOWS\Sun\Java\bin;C:\WINDOWS\system32;C:\WINDOWS;C:\Program Files\Common Files\Oracle\Java\javapath;C:\WINDOWS\system32;C:\WINDOWS;C:\WINDOWS\System32\Wbem;C:\WINDOWS\System32\WindowsPowerShell\v1.0\;C:\WINDOWS\System32\OpenSSH\;C:\Program Files\Microsoft SQL Server\Client SDK\ODBC\130\Tools\Binn\;C:\Program Files (x86)\Microsoft SQL Server\140\Tools\Binn\;C:\Program Files\Microsoft SQL Server\140\Tools\Binn\;C:\Program Files\Microsoft SQL Server\140\DTS\Binn\;C:\Program Files (x86)\Microsoft SQL Server\Client SDK\ODBC\130\Tools\Binn\;C:\Program Files (x86)\Microsoft SQL Server\140\DTS\Binn\;C:\Program Files (x86)\Microsoft SQL Server\140\Tools\Binn\ManagementStudio\;C:\Program Files\Java\jdk-18.0.2.1\bin;C:\Program Files\Git\cmd;C:\Program Files\nodejs\;%ANDROID_HOME%\bin;C:\Users\DELL\Downloads\apache-maven-3.9.1-bin\apache-maven-3.9.1\bin;C:\Users\DELL\AppData\Local\Microsoft\WindowsApps;C:\Program Files\JetBrains\IntelliJ IDEA Community Edition 2022.1\bin;;C:\Users\DELL\AppData\Roaming\npm;D:\Android\sdk\platform-tools;;."/>
    <property name="CUCUMBER_PUBLISH_ENABLED" value="false"/>
    <property name="java.vendor" value="Oracle Corporation"/>
    <property name="cucumber.execution.strict" value="true"/>
    <property name="sun.io.unicode.encoding" value="UnicodeLittle"/>
    <property name="screenshotParams_scalingFactor" value="1"/>
    <property name="cucumber.features" value="src/test/resources"/>
    <property name="screenshotParams_whenToTakeAScreenshot" value="ValidationPointsOnly"/>
    <property name="appender.console.filter.threshold.level" value="info"/>
    <property name="webdriver.chrome.driver" value="C:\Users\DELL\.cache\selenium\chromedriver\win32\112.0.5615.49\chromedriver.exe"/>
    <property name="screenshotParams_highlightElements" value="true"/>
    <property name="sun.awt.enableExtraMouseButtons" value="true"/>
    <property name="java.class.path" value="D:\Study\Shaft\Automationexercise\target\test-classes;D:\Study\Shaft\Automationexercise\target\classes;C:\Users\DELL\.m2\repository\io\github\shafthq\SHAFT_ENGINE\7.2.20230419\SHAFT_ENGINE-7.2.20230419.jar;C:\Users\DELL\.m2\repository\org\testng\testng\7.7.1\testng-7.7.1.jar;C:\Users\DELL\.m2\repository\com\beust\jcommander\1.82\jcommander-1.82.jar;C:\Users\DELL\.m2\repository\org\webjars\jquery\3.6.1\jquery-3.6.1.jar;C:\Users\DELL\.m2\repository\org\seleniumhq\selenium\selenium-java\4.8.3\selenium-java-4.8.3.jar;C:\Users\DELL\.m2\repository\org\seleniumhq\selenium\selenium-api\4.8.3\selenium-api-4.8.3.jar;C:\Users\DELL\.m2\repository\org\seleniumhq\selenium\selenium-chrome-driver\4.8.3\selenium-chrome-driver-4.8.3.jar;C:\Users\DELL\.m2\repository\org\seleniumhq\selenium\selenium-chromium-driver\4.8.3\selenium-chromium-driver-4.8.3.jar;C:\Users\DELL\.m2\repository\org\seleniumhq\selenium\selenium-json\4.8.3\selenium-json-4.8.3.jar;C:\Users\DELL\.m2\repository\org\seleniumhq\selenium\selenium-manager\4.8.3\selenium-manager-4.8.3.jar;C:\Users\DELL\.m2\repository\org\seleniumhq\selenium\selenium-devtools-v109\4.8.3\selenium-devtools-v109-4.8.3.jar;C:\Users\DELL\.m2\repository\org\seleniumhq\selenium\selenium-devtools-v110\4.8.3\selenium-devtools-v110-4.8.3.jar;C:\Users\DELL\.m2\repository\org\seleniumhq\selenium\selenium-devtools-v111\4.8.3\selenium-devtools-v111-4.8.3.jar;C:\Users\DELL\.m2\repository\org\seleniumhq\selenium\selenium-devtools-v85\4.8.3\selenium-devtools-v85-4.8.3.jar;C:\Users\DELL\.m2\repository\org\seleniumhq\selenium\selenium-edge-driver\4.8.3\selenium-edge-driver-4.8.3.jar;C:\Users\DELL\.m2\repository\org\seleniumhq\selenium\selenium-firefox-driver\4.8.3\selenium-firefox-driver-4.8.3.jar;C:\Users\DELL\.m2\repository\org\seleniumhq\selenium\selenium-ie-driver\4.8.3\selenium-ie-driver-4.8.3.jar;C:\Users\DELL\.m2\repository\org\seleniumhq\selenium\selenium-remote-driver\4.8.3\selenium-remote-driver-4.8.3.jar;C:\Users\DELL\.m2\repository\io\netty\netty-codec-http\4.1.90.Final\netty-codec-http-4.1.90.Final.jar;C:\Users\DELL\.m2\repository\io\netty\netty-transport-classes-epoll\4.1.90.Final\netty-transport-classes-epoll-4.1.90.Final.jar;C:\Users\DELL\.m2\repository\io\netty\netty-transport-classes-kqueue\4.1.90.Final\netty-transport-classes-kqueue-4.1.90.Final.jar;C:\Users\DELL\.m2\repository\io\netty\netty-transport-native-epoll\4.1.90.Final\netty-transport-native-epoll-4.1.90.Final.jar;C:\Users\DELL\.m2\repository\io\netty\netty-transport-native-kqueue\4.1.90.Final\netty-transport-native-kqueue-4.1.90.Final.jar;C:\Users\DELL\.m2\repository\io\opentelemetry\opentelemetry-api\1.24.0\opentelemetry-api-1.24.0.jar;C:\Users\DELL\.m2\repository\io\opentelemetry\opentelemetry-context\1.24.0\opentelemetry-context-1.24.0.jar;C:\Users\DELL\.m2\repository\io\opentelemetry\opentelemetry-exporter-logging\1.24.0\opentelemetry-exporter-logging-1.24.0.jar;C:\Users\DELL\.m2\repository\io\opentelemetry\opentelemetry-sdk-metrics\1.24.0\opentelemetry-sdk-metrics-1.24.0.jar;C:\Users\DELL\.m2\repository\io\opentelemetry\opentelemetry-sdk-logs\1.24.0-alpha\opentelemetry-sdk-logs-1.24.0-alpha.jar;C:\Users\DELL\.m2\repository\io\opentelemetry\opentelemetry-api-logs\1.24.0-alpha\opentelemetry-api-logs-1.24.0-alpha.jar;C:\Users\DELL\.m2\repository\io\opentelemetry\opentelemetry-api-events\1.24.0-alpha\opentelemetry-api-events-1.24.0-alpha.jar;C:\Users\DELL\.m2\repository\io\opentelemetry\opentelemetry-sdk-common\1.24.0\opentelemetry-sdk-common-1.24.0.jar;C:\Users\DELL\.m2\repository\io\opentelemetry\opentelemetry-sdk-extension-autoconfigure-spi\1.24.0\opentelemetry-sdk-extension-autoconfigure-spi-1.24.0.jar;C:\Users\DELL\.m2\repository\io\opentelemetry\opentelemetry-sdk-extension-autoconfigure\1.24.0-alpha\opentelemetry-sdk-extension-autoconfigure-1.24.0-alpha.jar;C:\Users\DELL\.m2\repository\io\opentelemetry\opentelemetry-sdk-trace\1.24.0\opentelemetry-sdk-trace-1.24.0.jar;C:\Users\DELL\.m2\repository\io\opentelemetry\opentelemetry-sdk\1.24.0\opentelemetry-sdk-1.24.0.jar;C:\Users\DELL\.m2\repository\io\opentelemetry\opentelemetry-semconv\1.24.0-alpha\opentelemetry-semconv-1.24.0-alpha.jar;C:\Users\DELL\.m2\repository\io\ous\jtoml\2.0.0\jtoml-2.0.0.jar;C:\Users\DELL\.m2\repository\net\bytebuddy\byte-buddy\1.14.2\byte-buddy-1.14.2.jar;C:\Users\DELL\.m2\repository\org\asynchttpclient\async-http-client\2.12.3\async-http-client-2.12.3.jar;C:\Users\DELL\.m2\repository\org\asynchttpclient\async-http-client-netty-utils\2.12.3\async-http-client-netty-utils-2.12.3.jar;C:\Users\DELL\.m2\repository\io\netty\netty-codec-socks\4.1.60.Final\netty-codec-socks-4.1.60.Final.jar;C:\Users\DELL\.m2\repository\io\netty\netty-handler-proxy\4.1.60.Final\netty-handler-proxy-4.1.60.Final.jar;C:\Users\DELL\.m2\repository\io\netty\netty-transport-native-epoll\4.1.60.Final\netty-transport-native-epoll-4.1.60.Final-linux-x86_64.jar;C:\Users\DELL\.m2\repository\io\netty\netty-transport-native-kqueue\4.1.60.Final\netty-transport-native-kqueue-4.1.60.Final-osx-x86_64.jar;C:\Users\DELL\.m2\repository\com\typesafe\netty\netty-reactive-streams\2.0.4\netty-reactive-streams-2.0.4.jar;C:\Users\DELL\.m2\repository\com\sun\activation\jakarta.activation\1.2.2\jakarta.activation-1.2.2.jar;C:\Users\DELL\.m2\repository\org\seleniumhq\selenium\selenium-safari-driver\4.8.3\selenium-safari-driver-4.8.3.jar;C:\Users\DELL\.m2\repository\org\seleniumhq\selenium\selenium-support\4.8.3\selenium-support-4.8.3.jar;C:\Users\DELL\.m2\repository\org\seleniumhq\selenium\selenium-http-jdk-client\4.8.3\selenium-http-jdk-client-4.8.3.jar;C:\Users\DELL\.m2\repository\com\google\auto\service\auto-service-annotations\1.0.1\auto-service-annotations-1.0.1.jar;C:\Users\DELL\.m2\repository\com\google\auto\service\auto-service\1.0.1\auto-service-1.0.1.jar;C:\Users\DELL\.m2\repository\com\google\auto\auto-common\1.2\auto-common-1.2.jar;C:\Users\DELL\.m2\repository\org\seleniumhq\selenium\selenium-http\4.8.3\selenium-http-4.8.3.jar;C:\Users\DELL\.m2\repository\dev\failsafe\failsafe\3.3.1\failsafe-3.3.1.jar;C:\Users\DELL\.m2\repository\io\netty\netty-handler\4.1.91.Final\netty-handler-4.1.91.Final.jar;C:\Users\DELL\.m2\repository\io\netty\netty-common\4.1.91.Final\netty-common-4.1.91.Final.jar;C:\Users\DELL\.m2\repository\io\netty\netty-resolver\4.1.91.Final\netty-resolver-4.1.91.Final.jar;C:\Users\DELL\.m2\repository\io\netty\netty-buffer\4.1.91.Final\netty-buffer-4.1.91.Final.jar;C:\Users\DELL\.m2\repository\io\netty\netty-transport\4.1.91.Final\netty-transport-4.1.91.Final.jar;C:\Users\DELL\.m2\repository\io\netty\netty-transport-native-unix-common\4.1.91.Final\netty-transport-native-unix-common-4.1.91.Final.jar;C:\Users\DELL\.m2\repository\io\netty\netty-codec\4.1.91.Final\netty-codec-4.1.91.Final.jar;C:\Users\DELL\.m2\repository\io\appium\java-client\8.3.0\java-client-8.3.0.jar;C:\Users\DELL\.m2\repository\com\google\code\gson\gson\2.10\gson-2.10.jar;C:\Users\DELL\.m2\repository\cglib\cglib\3.3.0\cglib-3.3.0.jar;C:\Users\DELL\.m2\repository\org\ow2\asm\asm\7.1\asm-7.1.jar;C:\Users\DELL\.m2\repository\commons-validator\commons-validator\1.7\commons-validator-1.7.jar;C:\Users\DELL\.m2\repository\commons-beanutils\commons-beanutils\1.9.4\commons-beanutils-1.9.4.jar;C:\Users\DELL\.m2\repository\commons-digester\commons-digester\2.1\commons-digester-2.1.jar;C:\Users\DELL\.m2\repository\commons-collections\commons-collections\3.2.2\commons-collections-3.2.2.jar;C:\Users\DELL\.m2\repository\org\apache\commons\commons-lang3\3.12.0\commons-lang3-3.12.0.jar;C:\Users\DELL\.m2\repository\commons-io\commons-io\2.11.0\commons-io-2.11.0.jar;C:\Users\DELL\.m2\repository\io\github\bonigarcia\webdrivermanager\5.3.2\webdrivermanager-5.3.2.jar;C:\Users\DELL\.m2\repository\com\github\docker-java\docker-java\3.2.14\docker-java-3.2.14.jar;C:\Users\DELL\.m2\repository\com\github\docker-java\docker-java-core\3.2.14\docker-java-core-3.2.14.jar;C:\Users\DELL\.m2\repository\com\github\docker-java\docker-java-api\3.2.14\docker-java-api-3.2.14.jar;C:\Users\DELL\.m2\repository\org\slf4j\jcl-over-slf4j\1.7.30\jcl-over-slf4j-1.7.30.jar;C:\Users\DELL\.m2\repository\com\github\docker-java\docker-java-transport-httpclient5\3.2.14\docker-java-transport-httpclient5-3.2.14.jar;C:\Users\DELL\.m2\repository\com\github\docker-java\docker-java-transport\3.2.14\docker-java-transport-3.2.14.jar;C:\Users\DELL\.m2\repository\net\java\dev\jna\jna\5.12.1\jna-5.12.1.jar;C:\Users\DELL\.m2\repository\org\brotli\dec\0.1.2\dec-0.1.2.jar;C:\Users\DELL\.m2\repository\org\apache\httpcomponents\client5\httpclient5\5.2.1\httpclient5-5.2.1.jar;C:\Users\DELL\.m2\repository\org\apache\httpcomponents\core5\httpcore5\5.2\httpcore5-5.2.jar;C:\Users\DELL\.m2\repository\org\apache\httpcomponents\core5\httpcore5-h2\5.2\httpcore5-h2-5.2.jar;C:\Users\DELL\.m2\repository\io\cucumber\cucumber-java\7.11.2\cucumber-java-7.11.2.jar;C:\Users\DELL\.m2\repository\io\cucumber\cucumber-core\7.11.2\cucumber-core-7.11.2.jar;C:\Users\DELL\.m2\repository\io\cucumber\cucumber-gherkin\7.11.2\cucumber-gherkin-7.11.2.jar;C:\Users\DELL\.m2\repository\io\cucumber\cucumber-gherkin-messages\7.11.2\cucumber-gherkin-messages-7.11.2.jar;C:\Users\DELL\.m2\repository\io\cucumber\gherkin\26.0.3\gherkin-26.0.3.jar;C:\Users\DELL\.m2\repository\io\cucumber\messages\21.0.1\messages-21.0.1.jar;C:\Users\DELL\.m2\repository\io\cucumber\tag-expressions\5.0.1\tag-expressions-5.0.1.jar;C:\Users\DELL\.m2\repository\io\cucumber\cucumber-expressions\16.1.2\cucumber-expressions-16.1.2.jar;C:\Users\DELL\.m2\repository\io\cucumber\datatable\7.11.2\datatable-7.11.2.jar;C:\Users\DELL\.m2\repository\io\cucumber\cucumber-plugin\7.11.2\cucumber-plugin-7.11.2.jar;C:\Users\DELL\.m2\repository\io\cucumber\docstring\7.11.2\docstring-7.11.2.jar;C:\Users\DELL\.m2\repository\io\cucumber\html-formatter\20.2.1\html-formatter-20.2.1.jar;C:\Users\DELL\.m2\repository\io\cucumber\junit-xml-formatter\0.1.0\junit-xml-formatter-0.1.0.jar;C:\Users\DELL\.m2\repository\io\cucumber\ci-environment\9.1.0\ci-environment-9.1.0.jar;C:\Users\DELL\.m2\repository\org\apiguardian\apiguardian-api\1.1.2\apiguardian-api-1.1.2.jar;C:\Users\DELL\.m2\repository\io\cucumber\cucumber-testng\7.11.2\cucumber-testng-7.11.2.jar;C:\Users\DELL\.m2\repository\io\cucumber\cucumber-picocontainer\7.11.2\cucumber-picocontainer-7.11.2.jar;C:\Users\DELL\.m2\repository\org\picocontainer\picocontainer\2.15\picocontainer-2.15.jar;C:\Users\DELL\.m2\repository\org\apache\poi\poi\5.2.3\poi-5.2.3.jar;C:\Users\DELL\.m2\repository\commons-codec\commons-codec\1.15\commons-codec-1.15.jar;C:\Users\DELL\.m2\repository\org\apache\commons\commons-collections4\4.4\commons-collections4-4.4.jar;C:\Users\DELL\.m2\repository\org\apache\commons\commons-math3\3.6.1\commons-math3-3.6.1.jar;C:\Users\DELL\.m2\repository\com\zaxxer\SparseBitSet\1.2\SparseBitSet-1.2.jar;C:\Users\DELL\.m2\repository\org\apache\logging\log4j\log4j-api\2.18.0\log4j-api-2.18.0.jar;C:\Users\DELL\.m2\repository\org\apache\poi\poi-ooxml\5.2.3\poi-ooxml-5.2.3.jar;C:\Users\DELL\.m2\repository\org\apache\poi\poi-ooxml-lite\5.2.3\poi-ooxml-lite-5.2.3.jar;C:\Users\DELL\.m2\repository\org\apache\xmlbeans\xmlbeans\5.1.1\xmlbeans-5.1.1.jar;C:\Users\DELL\.m2\repository\org\apache\commons\commons-compress\1.21\commons-compress-1.21.jar;C:\Users\DELL\.m2\repository\com\github\virtuald\curvesapi\1.07\curvesapi-1.07.jar;C:\Users\DELL\.m2\repository\io\qameta\allure\allure-testng\2.21.0\allure-testng-2.21.0.jar;C:\Users\DELL\.m2\repository\io\qameta\allure\allure-test-filter\2.21.0\allure-test-filter-2.21.0.jar;C:\Users\DELL\.m2\repository\io\qameta\allure\allure-java-commons\2.21.0\allure-java-commons-2.21.0.jar;C:\Users\DELL\.m2\repository\io\qameta\allure\allure-model\2.21.0\allure-model-2.21.0.jar;C:\Users\DELL\.m2\repository\io\qameta\allure\allure-cucumber7-jvm\2.21.0\allure-cucumber7-jvm-2.21.0.jar;C:\Users\DELL\.m2\repository\org\aspectj\aspectjweaver\1.9.19\aspectjweaver-1.9.19.jar;C:\Users\DELL\.m2\repository\com\aventstack\extentreports\5.0.9\extentreports-5.0.9.jar;C:\Users\DELL\.m2\repository\io\reactivex\rxjava3\rxjava\3.0.4\rxjava-3.0.4.jar;C:\Users\DELL\.m2\repository\org\reactivestreams\reactive-streams\1.0.3\reactive-streams-1.0.3.jar;C:\Users\DELL\.m2\repository\org\freemarker\freemarker\2.3.30\freemarker-2.3.30.jar;C:\Users\DELL\.m2\repository\org\apache\pdfbox\pdfbox\2.0.28\pdfbox-2.0.28.jar;C:\Users\DELL\.m2\repository\org\apache\pdfbox\fontbox\2.0.28\fontbox-2.0.28.jar;C:\Users\DELL\.m2\repository\commons-logging\commons-logging\1.2\commons-logging-1.2.jar;C:\Users\DELL\.m2\repository\io\rest-assured\rest-assured\5.3.0\rest-assured-5.3.0.jar;C:\Users\DELL\.m2\repository\org\apache\groovy\groovy\4.0.6\groovy-4.0.6.jar;C:\Users\DELL\.m2\repository\org\apache\groovy\groovy-xml\4.0.6\groovy-xml-4.0.6.jar;C:\Users\DELL\.m2\repository\org\apache\httpcomponents\httpclient\4.5.13\httpclient-4.5.13.jar;C:\Users\DELL\.m2\repository\org\apache\httpcomponents\httpcore\4.4.13\httpcore-4.4.13.jar;C:\Users\DELL\.m2\repository\org\apache\httpcomponents\httpmime\4.5.13\httpmime-4.5.13.jar;C:\Users\DELL\.m2\repository\org\hamcrest\hamcrest\2.1\hamcrest-2.1.jar;C:\Users\DELL\.m2\repository\org\ccil\cowan\tagsoup\tagsoup\1.2.1\tagsoup-1.2.1.jar;C:\Users\DELL\.m2\repository\io\rest-assured\json-path\5.3.0\json-path-5.3.0.jar;C:\Users\DELL\.m2\repository\org\apache\groovy\groovy-json\4.0.6\groovy-json-4.0.6.jar;C:\Users\DELL\.m2\repository\io\rest-assured\rest-assured-common\5.3.0\rest-assured-common-5.3.0.jar;C:\Users\DELL\.m2\repository\io\rest-assured\xml-path\5.3.0\xml-path-5.3.0.jar;C:\Users\DELL\.m2\repository\com\googlecode\json-simple\json-simple\1.1.1\json-simple-1.1.1.jar;C:\Users\DELL\.m2\repository\com\jayway\jsonpath\json-path\2.8.0\json-path-2.8.0.jar;C:\Users\DELL\.m2\repository\net\minidev\json-smart\2.4.10\json-smart-2.4.10.jar;C:\Users\DELL\.m2\repository\net\minidev\accessors-smart\2.4.9\accessors-smart-2.4.9.jar;C:\Users\DELL\.m2\repository\org\skyscreamer\jsonassert\1.5.1\jsonassert-1.5.1.jar;C:\Users\DELL\.m2\repository\com\vaadin\external\google\android-json\0.0.20131108.vaadin1\android-json-0.0.20131108.vaadin1.jar;C:\Users\DELL\.m2\repository\eu\medsea\mimeutil\mime-util\2.1.3\mime-util-2.1.3.jar;C:\Users\DELL\.m2\repository\io\rest-assured\json-schema-validator\5.3.0\json-schema-validator-5.3.0.jar;C:\Users\DELL\.m2\repository\com\github\java-json-tools\json-schema-validator\2.2.14\json-schema-validator-2.2.14.jar;C:\Users\DELL\.m2\repository\com\github\java-json-tools\jackson-coreutils-equivalence\1.0\jackson-coreutils-equivalence-1.0.jar;C:\Users\DELL\.m2\repository\com\github\java-json-tools\jackson-coreutils\2.0\jackson-coreutils-2.0.jar;C:\Users\DELL\.m2\repository\com\github\java-json-tools\msg-simple\1.2\msg-simple-1.2.jar;C:\Users\DELL\.m2\repository\com\github\java-json-tools\btf\1.3\btf-1.3.jar;C:\Users\DELL\.m2\repository\com\github\java-json-tools\json-schema-core\1.2.14\json-schema-core-1.2.14.jar;C:\Users\DELL\.m2\repository\com\github\java-json-tools\uri-template\0.10\uri-template-0.10.jar;C:\Users\DELL\.m2\repository\org\mozilla\rhino\1.7.7.2\rhino-1.7.7.2.jar;C:\Users\DELL\.m2\repository\com\sun\mail\mailapi\1.6.2\mailapi-1.6.2.jar;C:\Users\DELL\.m2\repository\com\googlecode\libphonenumber\libphonenumber\8.11.1\libphonenumber-8.11.1.jar;C:\Users\DELL\.m2\repository\net\sf\jopt-simple\jopt-simple\5.0.4\jopt-simple-5.0.4.jar;C:\Users\DELL\.m2\repository\com\fasterxml\jackson\datatype\jackson-datatype-jdk8\2.14.2\jackson-datatype-jdk8-2.14.2.jar;C:\Users\DELL\.m2\repository\com\fasterxml\jackson\core\jackson-core\2.14.2\jackson-core-2.14.2.jar;C:\Users\DELL\.m2\repository\com\fasterxml\jackson\core\jackson-databind\2.14.2\jackson-databind-2.14.2.jar;C:\Users\DELL\.m2\repository\com\fasterxml\jackson\core\jackson-annotations\2.14.2\jackson-annotations-2.14.2.jar;C:\Users\DELL\.m2\repository\com\applitools\eyes-images-java4\4.14.0\eyes-images-java4-4.14.0.jar;C:\Users\DELL\.m2\repository\com\applitools\eyes-common-java4\4.14.0\eyes-common-java4-4.14.0.jar;C:\Users\DELL\.m2\repository\org\imgscalr\imgscalr-lib\4.2\imgscalr-lib-4.2.jar;C:\Users\DELL\.m2\repository\com\helger\ph-css\6.1.1\ph-css-6.1.1.jar;C:\Users\DELL\.m2\repository\com\helger\ph-commons\9.0.2\ph-commons-9.0.2.jar;C:\Users\DELL\.m2\repository\com\applitools\eyes-sdk-core-java4\4.14.0\eyes-sdk-core-java4-4.14.0.jar;C:\Users\DELL\.m2\repository\com\applitools\eyes-connectivity-java4-jersey2x\4.14.0\eyes-connectivity-java4-jersey2x-4.14.0.jar;C:\Users\DELL\.m2\repository\org\glassfish\jersey\connectors\jersey-apache-connector\2.16\jersey-apache-connector-2.16.jar;C:\Users\DELL\.m2\repository\org\glassfish\jersey\core\jersey-common\2.16\jersey-common-2.16.jar;C:\Users\DELL\.m2\repository\javax\annotation\javax.annotation-api\1.2\javax.annotation-api-1.2.jar;C:\Users\DELL\.m2\repository\org\glassfish\jersey\bundles\repackaged\jersey-guava\2.16\jersey-guava-2.16.jar;C:\Users\DELL\.m2\repository\org\glassfish\hk2\osgi-resource-locator\1.0.1\osgi-resource-locator-1.0.1.jar;C:\Users\DELL\.m2\repository\javax\ws\rs\javax.ws.rs-api\2.0.1\javax.ws.rs-api-2.0.1.jar;C:\Users\DELL\.m2\repository\org\glassfish\jersey\core\jersey-client\2.16\jersey-client-2.16.jar;C:\Users\DELL\.m2\repository\org\glassfish\hk2\hk2-api\2.4.0-b09\hk2-api-2.4.0-b09.jar;C:\Users\DELL\.m2\repository\org\glassfish\hk2\hk2-utils\2.4.0-b09\hk2-utils-2.4.0-b09.jar;C:\Users\DELL\.m2\repository\org\glassfish\hk2\external\aopalliance-repackaged\2.4.0-b09\aopalliance-repackaged-2.4.0-b09.jar;C:\Users\DELL\.m2\repository\org\glassfish\hk2\external\javax.inject\2.4.0-b09\javax.inject-2.4.0-b09.jar;C:\Users\DELL\.m2\repository\org\glassfish\hk2\hk2-locator\2.4.0-b09\hk2-locator-2.4.0-b09.jar;C:\Users\DELL\.m2\repository\org\openpnp\opencv\4.7.0-0\opencv-4.7.0-0.jar;C:\Users\DELL\.m2\repository\com\sikulix\sikulixapi\2.0.5\sikulixapi-2.0.5.jar;C:\Users\DELL\.m2\repository\org\python\jython-slim\2.7.2\jython-slim-2.7.2.jar;C:\Users\DELL\.m2\repository\org\antlr\antlr\3.5.2\antlr-3.5.2.jar;C:\Users\DELL\.m2\repository\org\antlr\ST4\4.0.8\ST4-4.0.8.jar;C:\Users\DELL\.m2\repository\javax\servlet\javax.servlet-api\3.1.0\javax.servlet-api-3.1.0.jar;C:\Users\DELL\.m2\repository\org\antlr\antlr-runtime\3.5.2\antlr-runtime-3.5.2.jar;C:\Users\DELL\.m2\repository\org\bouncycastle\bcpkix-jdk15on\1.62\bcpkix-jdk15on-1.62.jar;C:\Users\DELL\.m2\repository\org\bouncycastle\bcprov-jdk15on\1.62\bcprov-jdk15on-1.62.jar;C:\Users\DELL\.m2\repository\org\ow2\asm\asm-commons\7.1\asm-commons-7.1.jar;C:\Users\DELL\.m2\repository\org\ow2\asm\asm-analysis\7.1\asm-analysis-7.1.jar;C:\Users\DELL\.m2\repository\org\ow2\asm\asm-util\7.1\asm-util-7.1.jar;C:\Users\DELL\.m2\repository\com\ibm\icu\icu4j\59.1\icu4j-59.1.jar;C:\Users\DELL\.m2\repository\com\carrotsearch\java-sizeof\0.0.5\java-sizeof-0.0.5.jar;C:\Users\DELL\.m2\repository\com\github\jnr\jffi\1.2.20\jffi-1.2.20.jar;C:\Users\DELL\.m2\repository\com\github\jnr\jnr-netdb\1.1.6\jnr-netdb-1.1.6.jar;C:\Users\DELL\.m2\repository\com\github\jnr\jnr-ffi\2.1.10\jnr-ffi-2.1.10.jar;C:\Users\DELL\.m2\repository\com\github\jnr\jffi\1.2.19\jffi-1.2.19-native.jar;C:\Users\DELL\.m2\repository\com\github\jnr\jnr-a64asm\1.0.0\jnr-a64asm-1.0.0.jar;C:\Users\DELL\.m2\repository\com\github\jnr\jnr-x86asm\1.0.2\jnr-x86asm-1.0.2.jar;C:\Users\DELL\.m2\repository\com\github\jnr\jnr-posix\3.0.50\jnr-posix-3.0.50.jar;C:\Users\DELL\.m2\repository\com\github\jnr\jnr-constants\0.9.12\jnr-constants-0.9.12.jar;C:\Users\DELL\.m2\repository\jline\jline\2.14.5\jline-2.14.5.jar;C:\Users\DELL\.m2\repository\org\apache\ant\ant\1.9.7\ant-1.9.7.jar;C:\Users\DELL\.m2\repository\org\apache\ant\ant-launcher\1.9.7\ant-launcher-1.9.7.jar;C:\Users\DELL\.m2\repository\com\sikulix\sikulix2tigervnc\1.1.4\sikulix2tigervnc-1.1.4.jar;C:\Users\DELL\.m2\repository\commons-cli\commons-cli\1.4\commons-cli-1.4.jar;C:\Users\DELL\.m2\repository\org\apache\commons\commons-exec\1.3\commons-exec-1.3.jar;C:\Users\DELL\.m2\repository\net\java\dev\jna\jna-platform\5.6.0\jna-platform-5.6.0.jar;C:\Users\DELL\.m2\repository\net\oneandone\reflections8\reflections8\0.11.6\reflections8-0.11.6.jar;C:\Users\DELL\.m2\repository\org\javassist\javassist\3.22.0-GA\javassist-3.22.0-GA.jar;C:\Users\DELL\.m2\repository\net\sourceforge\tess4j\tess4j\4.5.4\tess4j-4.5.4.jar;C:\Users\DELL\.m2\repository\com\github\jai-imageio\jai-imageio-core\1.4.0\jai-imageio-core-1.4.0.jar;C:\Users\DELL\.m2\repository\org\ghost4j\ghost4j\1.0.1\ghost4j-1.0.1.jar;C:\Users\DELL\.m2\repository\org\apache\xmlgraphics\xmlgraphics-commons\1.4\xmlgraphics-commons-1.4.jar;C:\Users\DELL\.m2\repository\com\lowagie\itext\2.1.7\itext-2.1.7.jar;C:\Users\DELL\.m2\repository\org\apache\pdfbox\pdfbox-tools\2.0.21\pdfbox-tools-2.0.21.jar;C:\Users\DELL\.m2\repository\org\apache\pdfbox\pdfbox-debugger\2.0.21\pdfbox-debugger-2.0.21.jar;C:\Users\DELL\.m2\repository\org\apache\pdfbox\jbig2-imageio\3.0.3\jbig2-imageio-3.0.3.jar;C:\Users\DELL\.m2\repository\net\sourceforge\lept4j\lept4j\1.13.2\lept4j-1.13.2.jar;C:\Users\DELL\.m2\repository\org\jboss\jboss-vfs\3.2.15.Final\jboss-vfs-3.2.15.Final.jar;C:\Users\DELL\.m2\repository\org\jboss\logging\jboss-logging\3.1.4.GA\jboss-logging-3.1.4.GA.jar;C:\Users\DELL\.m2\repository\net\sf\py4j\py4j\0.10.9.1\py4j-0.10.9.1.jar;C:\Users\DELL\.m2\repository\com\epam\healenium\healenium-web\3.4.2\healenium-web-3.4.2.jar;C:\Users\DELL\.m2\repository\com\typesafe\config\1.4.2\config-1.4.2.jar;C:\Users\DELL\.m2\repository\com\epam\healenium\tree-comparing\0.4.11\tree-comparing-0.4.11.jar;C:\Users\DELL\.m2\repository\org\apache\commons\commons-text\1.6\commons-text-1.6.jar;C:\Users\DELL\.m2\repository\com\squareup\okhttp3\okhttp\4.9.3\okhttp-4.9.3.jar;C:\Users\DELL\.m2\repository\com\squareup\okio\okio\2.8.0\okio-2.8.0.jar;C:\Users\DELL\.m2\repository\org\jetbrains\kotlin\kotlin-stdlib-common\1.4.0\kotlin-stdlib-common-1.4.0.jar;C:\Users\DELL\.m2\repository\org\jetbrains\kotlin\kotlin-stdlib\1.4.10\kotlin-stdlib-1.4.10.jar;C:\Users\DELL\.m2\repository\com\squareup\okhttp3\logging-interceptor\4.10.0\logging-interceptor-4.10.0.jar;C:\Users\DELL\.m2\repository\org\jetbrains\kotlin\kotlin-stdlib-jdk8\1.6.10\kotlin-stdlib-jdk8-1.6.10.jar;C:\Users\DELL\.m2\repository\org\jetbrains\kotlin\kotlin-stdlib-jdk7\1.6.10\kotlin-stdlib-jdk7-1.6.10.jar;C:\Users\DELL\.m2\repository\org\mapstruct\mapstruct\1.4.2.Final\mapstruct-1.4.2.Final.jar;C:\Users\DELL\.m2\repository\one\util\streamex\0.8.1\streamex-0.8.1.jar;C:\Users\DELL\.m2\repository\org\mapstruct\mapstruct-processor\1.4.2.Final\mapstruct-processor-1.4.2.Final.jar;C:\Users\DELL\.m2\repository\com\assertthat\selenium-shutterbug\1.6\selenium-shutterbug-1.6.jar;C:\Users\DELL\.m2\repository\com\github\zafarkhaja\java-semver\0.9.0\java-semver-0.9.0.jar;C:\Users\DELL\.m2\repository\com\jcraft\jsch\0.1.55\jsch-0.1.55.jar;C:\Users\DELL\.m2\repository\com\mysql\mysql-connector-j\8.0.32\mysql-connector-j-8.0.32.jar;C:\Users\DELL\.m2\repository\com\google\protobuf\protobuf-java\3.21.9\protobuf-java-3.21.9.jar;C:\Users\DELL\.m2\repository\com\microsoft\sqlserver\mssql-jdbc\9.4.1.jre16-preview\mssql-jdbc-9.4.1.jre16-preview.jar;C:\Users\DELL\.m2\repository\postgresql\postgresql\9.1-901-1.jdbc4\postgresql-9.1-901-1.jdbc4.jar;C:\Users\DELL\.m2\repository\com\ibm\db2\jcc\db2jcc\db2jcc4\db2jcc-db2jcc4.jar;C:\Users\DELL\.m2\repository\ws\schild\jave-all-deps\3.3.1\jave-all-deps-3.3.1.jar;C:\Users\DELL\.m2\repository\ws\schild\jave-core\3.3.1\jave-core-3.3.1.jar;C:\Users\DELL\.m2\repository\ws\schild\jave-nativebin-win32\3.3.1\jave-nativebin-win32-3.3.1.jar;C:\Users\DELL\.m2\repository\ws\schild\jave-nativebin-win64\3.3.1\jave-nativebin-win64-3.3.1.jar;C:\Users\DELL\.m2\repository\ws\schild\jave-nativebin-linux32\3.3.1\jave-nativebin-linux32-3.3.1.jar;C:\Users\DELL\.m2\repository\ws\schild\jave-nativebin-linux64\3.3.1\jave-nativebin-linux64-3.3.1.jar;C:\Users\DELL\.m2\repository\ws\schild\jave-nativebin-osx64\3.3.1\jave-nativebin-osx64-3.3.1.jar;C:\Users\DELL\.m2\repository\ws\schild\jave-nativebin-osxm1\3.3.1\jave-nativebin-osxm1-3.3.1.jar;C:\Users\DELL\.m2\repository\ws\schild\jave-nativebin-linux-arm32\3.3.1\jave-nativebin-linux-arm32-3.3.1.jar;C:\Users\DELL\.m2\repository\ws\schild\jave-nativebin-linux-arm64\3.3.1\jave-nativebin-linux-arm64-3.3.1.jar;C:\Users\DELL\.m2\repository\com\automation-remarks\video-recorder-testng\2.0\video-recorder-testng-2.0.jar;C:\Users\DELL\.m2\repository\com\automation-remarks\video-recorder-core\2.0\video-recorder-core-2.0.jar;C:\Users\DELL\.m2\repository\org\zeroturnaround\zt-exec\1.10\zt-exec-1.10.jar;C:\Users\DELL\.m2\repository\org\awaitility\awaitility\3.1.6\awaitility-3.1.6.jar;C:\Users\DELL\.m2\repository\org\hamcrest\hamcrest-library\1.3\hamcrest-library-1.3.jar;C:\Users\DELL\.m2\repository\org\hamcrest\hamcrest-core\1.3\hamcrest-core-1.3.jar;C:\Users\DELL\.m2\repository\org\objenesis\objenesis\2.6\objenesis-2.6.jar;C:\Users\DELL\.m2\repository\org\json\json\20180813\json-20180813.jar;C:\Users\DELL\.m2\repository\org\apache\logging\log4j\log4j-slf4j2-impl\2.20.0\log4j-slf4j2-impl-2.20.0.jar;C:\Users\DELL\.m2\repository\org\slf4j\slf4j-api\2.0.6\slf4j-api-2.0.6.jar;C:\Users\DELL\.m2\repository\org\apache\logging\log4j\log4j-core\2.20.0\log4j-core-2.20.0.jar;C:\Users\DELL\.m2\repository\org\apache\logging\log4j\log4j-1.2-api\2.20.0\log4j-1.2-api-2.20.0.jar;C:\Users\DELL\.m2\repository\com\google\guava\guava\31.1-jre\guava-31.1-jre.jar;C:\Users\DELL\.m2\repository\com\google\guava\failureaccess\1.0.1\failureaccess-1.0.1.jar;C:\Users\DELL\.m2\repository\com\google\guava\listenablefuture\9999.0-empty-to-avoid-conflict-with-guava\listenablefuture-9999.0-empty-to-avoid-conflict-with-guava.jar;C:\Users\DELL\.m2\repository\com\google\code\findbugs\jsr305\3.0.2\jsr305-3.0.2.jar;C:\Users\DELL\.m2\repository\org\checkerframework\checker-qual\3.12.0\checker-qual-3.12.0.jar;C:\Users\DELL\.m2\repository\com\google\errorprone\error_prone_annotations\2.11.0\error_prone_annotations-2.11.0.jar;C:\Users\DELL\.m2\repository\com\google\j2objc\j2objc-annotations\1.3\j2objc-annotations-1.3.jar;C:\Users\DELL\.m2\repository\org\projectlombok\lombok\1.18.26\lombok-1.18.26.jar;C:\Users\DELL\.m2\repository\com\google\crypto\tink\tink\1.8.0\tink-1.8.0.jar;C:\Users\DELL\.m2\repository\androidx\annotation\annotation\1.3.0\annotation-1.3.0.jar;C:\Users\DELL\.m2\repository\com\google\http-client\google-http-client\1.42.3\google-http-client-1.42.3.jar;C:\Users\DELL\.m2\repository\io\opencensus\opencensus-api\0.31.1\opencensus-api-0.31.1.jar;C:\Users\DELL\.m2\repository\io\grpc\grpc-context\1.27.2\grpc-context-1.27.2.jar;C:\Users\DELL\.m2\repository\io\opencensus\opencensus-contrib-http-util\0.31.1\opencensus-contrib-http-util-0.31.1.jar;C:\Users\DELL\.m2\repository\joda-time\joda-time\2.10.3\joda-time-2.10.3.jar;C:\Users\DELL\.m2\repository\com\google\crypto\tink\tink-awskms\1.8.0\tink-awskms-1.8.0.jar;C:\Users\DELL\.m2\repository\com\amazonaws\aws-java-sdk-core\1.12.182\aws-java-sdk-core-1.12.182.jar;C:\Users\DELL\.m2\repository\software\amazon\ion\ion-java\1.0.2\ion-java-1.0.2.jar;C:\Users\DELL\.m2\repository\com\fasterxml\jackson\dataformat\jackson-dataformat-cbor\2.12.6\jackson-dataformat-cbor-2.12.6.jar;C:\Users\DELL\.m2\repository\com\amazonaws\aws-java-sdk-kms\1.12.182\aws-java-sdk-kms-1.12.182.jar;C:\Users\DELL\.m2\repository\com\amazonaws\jmespath-java\1.12.182\jmespath-java-1.12.182.jar;C:\Users\DELL\.m2\repository\com\google\crypto\tink\tink-gcpkms\1.8.0\tink-gcpkms-1.8.0.jar;C:\Users\DELL\.m2\repository\com\google\api-client\google-api-client\2.2.0\google-api-client-2.2.0.jar;C:\Users\DELL\.m2\repository\com\google\http-client\google-http-client-apache-v2\1.42.3\google-http-client-apache-v2-1.42.3.jar;C:\Users\DELL\.m2\repository\com\google\apis\google-api-services-cloudkms\v1-rev20221107-2.0.0\google-api-services-cloudkms-v1-rev20221107-2.0.0.jar;C:\Users\DELL\.m2\repository\com\google\auth\google-auth-library-oauth2-http\1.5.3\google-auth-library-oauth2-http-1.5.3.jar;C:\Users\DELL\.m2\repository\com\google\auto\value\auto-value-annotations\1.9\auto-value-annotations-1.9.jar;C:\Users\DELL\.m2\repository\com\google\auth\google-auth-library-credentials\1.5.3\google-auth-library-credentials-1.5.3.jar;C:\Users\DELL\.m2\repository\com\google\http-client\google-http-client-gson\1.42.3\google-http-client-gson-1.42.3.jar;C:\Users\DELL\.m2\repository\com\google\oauth-client\google-oauth-client\1.34.1\google-oauth-client-1.34.1.jar;C:\Users\DELL\.m2\repository\org\yaml\snakeyaml\2.0\snakeyaml-2.0.jar;C:\Users\DELL\.m2\repository\org\aeonbits\owner\owner-java8\1.0.12\owner-java8-1.0.12.jar;C:\Users\DELL\.m2\repository\org\aeonbits\owner\owner\1.0.12\owner-1.0.12.jar;C:\Users\DELL\.m2\repository\org\jacoco\jacoco-maven-plugin\0.8.8\jacoco-maven-plugin-0.8.8.jar;C:\Users\DELL\.m2\repository\org\codehaus\plexus\plexus-utils\3.0.22\plexus-utils-3.0.22.jar;C:\Users\DELL\.m2\repository\org\apache\maven\shared\file-management\1.2.1\file-management-1.2.1.jar;C:\Users\DELL\.m2\repository\org\apache\maven\maven-plugin-api\2.0.6\maven-plugin-api-2.0.6.jar;C:\Users\DELL\.m2\repository\org\apache\maven\shared\maven-shared-io\1.1\maven-shared-io-1.1.jar;C:\Users\DELL\.m2\repository\org\apache\maven\maven-artifact\2.0.2\maven-artifact-2.0.2.jar;C:\Users\DELL\.m2\repository\org\apache\maven\maven-artifact-manager\2.0.2\maven-artifact-manager-2.0.2.jar;C:\Users\DELL\.m2\repository\org\apache\maven\maven-repository-metadata\2.0.2\maven-repository-metadata-2.0.2.jar;C:\Users\DELL\.m2\repository\org\apache\maven\wagon\wagon-provider-api\1.0-alpha-6\wagon-provider-api-1.0-alpha-6.jar;C:\Users\DELL\.m2\repository\org\codehaus\plexus\plexus-container-default\1.0-alpha-9\plexus-container-default-1.0-alpha-9.jar;C:\Users\DELL\.m2\repository\junit\junit\3.8.1\junit-3.8.1.jar;C:\Users\DELL\.m2\repository\classworlds\classworlds\1.1-alpha-2\classworlds-1.1-alpha-2.jar;C:\Users\DELL\.m2\repository\org\apache\maven\reporting\maven-reporting-api\3.0\maven-reporting-api-3.0.jar;C:\Users\DELL\.m2\repository\org\apache\maven\doxia\doxia-sink-api\1.0\doxia-sink-api-1.0.jar;C:\Users\DELL\.m2\repository\org\jacoco\org.jacoco.agent\0.8.8\org.jacoco.agent-0.8.8-runtime.jar;C:\Users\DELL\.m2\repository\org\jacoco\org.jacoco.core\0.8.8\org.jacoco.core-0.8.8.jar;C:\Users\DELL\.m2\repository\org\ow2\asm\asm-tree\9.2\asm-tree-9.2.jar;C:\Users\DELL\.m2\repository\org\jacoco\org.jacoco.report\0.8.8\org.jacoco.report-0.8.8.jar;C:\Users\DELL\.m2\repository\org\jsoup\jsoup\1.15.4\jsoup-1.15.4.jar;"/>
    <property name="org.uncommons.reportng.escape-output" value="false"/>
    <property name="whenToTakePageSourceSnapshot" value="FailuresOnly"/>
    <property name="java.vm.vendor" value="Oracle Corporation"/>
    <property name="openAllureReportAfterExecution" value="true"/>
    <property name="user.variant" value=""/>
    <property name="user.timezone" value="Asia/Riyadh"/>
    <property name="videoParams_scope" value="DriverSession"/>
    <property name="downloadsFolderPath" value="target/downloadedFiles/"/>
    <property name="java.vm.specification.version" value="18"/>
    <property name="os.name" value="Windows 11"/>
    <property name="sun.java.launcher" value="SUN_STANDARD"/>
    <property name="user.country" value="GB"/>
    <property name="openExecutionSummaryReportAfterExecution" value="true"/>
    <property name="surefire.test.class.path" value="D:\Study\Shaft\Automationexercise\target\test-classes;D:\Study\Shaft\Automationexercise\target\classes;C:\Users\DELL\.m2\repository\io\github\shafthq\SHAFT_ENGINE\7.2.20230419\SHAFT_ENGINE-7.2.20230419.jar;C:\Users\DELL\.m2\repository\org\testng\testng\7.7.1\testng-7.7.1.jar;C:\Users\DELL\.m2\repository\com\beust\jcommander\1.82\jcommander-1.82.jar;C:\Users\DELL\.m2\repository\org\webjars\jquery\3.6.1\jquery-3.6.1.jar;C:\Users\DELL\.m2\repository\org\seleniumhq\selenium\selenium-java\4.8.3\selenium-java-4.8.3.jar;C:\Users\DELL\.m2\repository\org\seleniumhq\selenium\selenium-api\4.8.3\selenium-api-4.8.3.jar;C:\Users\DELL\.m2\repository\org\seleniumhq\selenium\selenium-chrome-driver\4.8.3\selenium-chrome-driver-4.8.3.jar;C:\Users\DELL\.m2\repository\org\seleniumhq\selenium\selenium-chromium-driver\4.8.3\selenium-chromium-driver-4.8.3.jar;C:\Users\DELL\.m2\repository\org\seleniumhq\selenium\selenium-json\4.8.3\selenium-json-4.8.3.jar;C:\Users\DELL\.m2\repository\org\seleniumhq\selenium\selenium-manager\4.8.3\selenium-manager-4.8.3.jar;C:\Users\DELL\.m2\repository\org\seleniumhq\selenium\selenium-devtools-v109\4.8.3\selenium-devtools-v109-4.8.3.jar;C:\Users\DELL\.m2\repository\org\seleniumhq\selenium\selenium-devtools-v110\4.8.3\selenium-devtools-v110-4.8.3.jar;C:\Users\DELL\.m2\repository\org\seleniumhq\selenium\selenium-devtools-v111\4.8.3\selenium-devtools-v111-4.8.3.jar;C:\Users\DELL\.m2\repository\org\seleniumhq\selenium\selenium-devtools-v85\4.8.3\selenium-devtools-v85-4.8.3.jar;C:\Users\DELL\.m2\repository\org\seleniumhq\selenium\selenium-edge-driver\4.8.3\selenium-edge-driver-4.8.3.jar;C:\Users\DELL\.m2\repository\org\seleniumhq\selenium\selenium-firefox-driver\4.8.3\selenium-firefox-driver-4.8.3.jar;C:\Users\DELL\.m2\repository\org\seleniumhq\selenium\selenium-ie-driver\4.8.3\selenium-ie-driver-4.8.3.jar;C:\Users\DELL\.m2\repository\org\seleniumhq\selenium\selenium-remote-driver\4.8.3\selenium-remote-driver-4.8.3.jar;C:\Users\DELL\.m2\repository\io\netty\netty-codec-http\4.1.90.Final\netty-codec-http-4.1.90.Final.jar;C:\Users\DELL\.m2\repository\io\netty\netty-transport-classes-epoll\4.1.90.Final\netty-transport-classes-epoll-4.1.90.Final.jar;C:\Users\DELL\.m2\repository\io\netty\netty-transport-classes-kqueue\4.1.90.Final\netty-transport-classes-kqueue-4.1.90.Final.jar;C:\Users\DELL\.m2\repository\io\netty\netty-transport-native-epoll\4.1.90.Final\netty-transport-native-epoll-4.1.90.Final.jar;C:\Users\DELL\.m2\repository\io\netty\netty-transport-native-kqueue\4.1.90.Final\netty-transport-native-kqueue-4.1.90.Final.jar;C:\Users\DELL\.m2\repository\io\opentelemetry\opentelemetry-api\1.24.0\opentelemetry-api-1.24.0.jar;C:\Users\DELL\.m2\repository\io\opentelemetry\opentelemetry-context\1.24.0\opentelemetry-context-1.24.0.jar;C:\Users\DELL\.m2\repository\io\opentelemetry\opentelemetry-exporter-logging\1.24.0\opentelemetry-exporter-logging-1.24.0.jar;C:\Users\DELL\.m2\repository\io\opentelemetry\opentelemetry-sdk-metrics\1.24.0\opentelemetry-sdk-metrics-1.24.0.jar;C:\Users\DELL\.m2\repository\io\opentelemetry\opentelemetry-sdk-logs\1.24.0-alpha\opentelemetry-sdk-logs-1.24.0-alpha.jar;C:\Users\DELL\.m2\repository\io\opentelemetry\opentelemetry-api-logs\1.24.0-alpha\opentelemetry-api-logs-1.24.0-alpha.jar;C:\Users\DELL\.m2\repository\io\opentelemetry\opentelemetry-api-events\1.24.0-alpha\opentelemetry-api-events-1.24.0-alpha.jar;C:\Users\DELL\.m2\repository\io\opentelemetry\opentelemetry-sdk-common\1.24.0\opentelemetry-sdk-common-1.24.0.jar;C:\Users\DELL\.m2\repository\io\opentelemetry\opentelemetry-sdk-extension-autoconfigure-spi\1.24.0\opentelemetry-sdk-extension-autoconfigure-spi-1.24.0.jar;C:\Users\DELL\.m2\repository\io\opentelemetry\opentelemetry-sdk-extension-autoconfigure\1.24.0-alpha\opentelemetry-sdk-extension-autoconfigure-1.24.0-alpha.jar;C:\Users\DELL\.m2\repository\io\opentelemetry\opentelemetry-sdk-trace\1.24.0\opentelemetry-sdk-trace-1.24.0.jar;C:\Users\DELL\.m2\repository\io\opentelemetry\opentelemetry-sdk\1.24.0\opentelemetry-sdk-1.24.0.jar;C:\Users\DELL\.m2\repository\io\opentelemetry\opentelemetry-semconv\1.24.0-alpha\opentelemetry-semconv-1.24.0-alpha.jar;C:\Users\DELL\.m2\repository\io\ous\jtoml\2.0.0\jtoml-2.0.0.jar;C:\Users\DELL\.m2\repository\net\bytebuddy\byte-buddy\1.14.2\byte-buddy-1.14.2.jar;C:\Users\DELL\.m2\repository\org\asynchttpclient\async-http-client\2.12.3\async-http-client-2.12.3.jar;C:\Users\DELL\.m2\repository\org\asynchttpclient\async-http-client-netty-utils\2.12.3\async-http-client-netty-utils-2.12.3.jar;C:\Users\DELL\.m2\repository\io\netty\netty-codec-socks\4.1.60.Final\netty-codec-socks-4.1.60.Final.jar;C:\Users\DELL\.m2\repository\io\netty\netty-handler-proxy\4.1.60.Final\netty-handler-proxy-4.1.60.Final.jar;C:\Users\DELL\.m2\repository\io\netty\netty-transport-native-epoll\4.1.60.Final\netty-transport-native-epoll-4.1.60.Final-linux-x86_64.jar;C:\Users\DELL\.m2\repository\io\netty\netty-transport-native-kqueue\4.1.60.Final\netty-transport-native-kqueue-4.1.60.Final-osx-x86_64.jar;C:\Users\DELL\.m2\repository\com\typesafe\netty\netty-reactive-streams\2.0.4\netty-reactive-streams-2.0.4.jar;C:\Users\DELL\.m2\repository\com\sun\activation\jakarta.activation\1.2.2\jakarta.activation-1.2.2.jar;C:\Users\DELL\.m2\repository\org\seleniumhq\selenium\selenium-safari-driver\4.8.3\selenium-safari-driver-4.8.3.jar;C:\Users\DELL\.m2\repository\org\seleniumhq\selenium\selenium-support\4.8.3\selenium-support-4.8.3.jar;C:\Users\DELL\.m2\repository\org\seleniumhq\selenium\selenium-http-jdk-client\4.8.3\selenium-http-jdk-client-4.8.3.jar;C:\Users\DELL\.m2\repository\com\google\auto\service\auto-service-annotations\1.0.1\auto-service-annotations-1.0.1.jar;C:\Users\DELL\.m2\repository\com\google\auto\service\auto-service\1.0.1\auto-service-1.0.1.jar;C:\Users\DELL\.m2\repository\com\google\auto\auto-common\1.2\auto-common-1.2.jar;C:\Users\DELL\.m2\repository\org\seleniumhq\selenium\selenium-http\4.8.3\selenium-http-4.8.3.jar;C:\Users\DELL\.m2\repository\dev\failsafe\failsafe\3.3.1\failsafe-3.3.1.jar;C:\Users\DELL\.m2\repository\io\netty\netty-handler\4.1.91.Final\netty-handler-4.1.91.Final.jar;C:\Users\DELL\.m2\repository\io\netty\netty-common\4.1.91.Final\netty-common-4.1.91.Final.jar;C:\Users\DELL\.m2\repository\io\netty\netty-resolver\4.1.91.Final\netty-resolver-4.1.91.Final.jar;C:\Users\DELL\.m2\repository\io\netty\netty-buffer\4.1.91.Final\netty-buffer-4.1.91.Final.jar;C:\Users\DELL\.m2\repository\io\netty\netty-transport\4.1.91.Final\netty-transport-4.1.91.Final.jar;C:\Users\DELL\.m2\repository\io\netty\netty-transport-native-unix-common\4.1.91.Final\netty-transport-native-unix-common-4.1.91.Final.jar;C:\Users\DELL\.m2\repository\io\netty\netty-codec\4.1.91.Final\netty-codec-4.1.91.Final.jar;C:\Users\DELL\.m2\repository\io\appium\java-client\8.3.0\java-client-8.3.0.jar;C:\Users\DELL\.m2\repository\com\google\code\gson\gson\2.10\gson-2.10.jar;C:\Users\DELL\.m2\repository\cglib\cglib\3.3.0\cglib-3.3.0.jar;C:\Users\DELL\.m2\repository\org\ow2\asm\asm\7.1\asm-7.1.jar;C:\Users\DELL\.m2\repository\commons-validator\commons-validator\1.7\commons-validator-1.7.jar;C:\Users\DELL\.m2\repository\commons-beanutils\commons-beanutils\1.9.4\commons-beanutils-1.9.4.jar;C:\Users\DELL\.m2\repository\commons-digester\commons-digester\2.1\commons-digester-2.1.jar;C:\Users\DELL\.m2\repository\commons-collections\commons-collections\3.2.2\commons-collections-3.2.2.jar;C:\Users\DELL\.m2\repository\org\apache\commons\commons-lang3\3.12.0\commons-lang3-3.12.0.jar;C:\Users\DELL\.m2\repository\commons-io\commons-io\2.11.0\commons-io-2.11.0.jar;C:\Users\DELL\.m2\repository\io\github\bonigarcia\webdrivermanager\5.3.2\webdrivermanager-5.3.2.jar;C:\Users\DELL\.m2\repository\com\github\docker-java\docker-java\3.2.14\docker-java-3.2.14.jar;C:\Users\DELL\.m2\repository\com\github\docker-java\docker-java-core\3.2.14\docker-java-core-3.2.14.jar;C:\Users\DELL\.m2\repository\com\github\docker-java\docker-java-api\3.2.14\docker-java-api-3.2.14.jar;C:\Users\DELL\.m2\repository\org\slf4j\jcl-over-slf4j\1.7.30\jcl-over-slf4j-1.7.30.jar;C:\Users\DELL\.m2\repository\com\github\docker-java\docker-java-transport-httpclient5\3.2.14\docker-java-transport-httpclient5-3.2.14.jar;C:\Users\DELL\.m2\repository\com\github\docker-java\docker-java-transport\3.2.14\docker-java-transport-3.2.14.jar;C:\Users\DELL\.m2\repository\net\java\dev\jna\jna\5.12.1\jna-5.12.1.jar;C:\Users\DELL\.m2\repository\org\brotli\dec\0.1.2\dec-0.1.2.jar;C:\Users\DELL\.m2\repository\org\apache\httpcomponents\client5\httpclient5\5.2.1\httpclient5-5.2.1.jar;C:\Users\DELL\.m2\repository\org\apache\httpcomponents\core5\httpcore5\5.2\httpcore5-5.2.jar;C:\Users\DELL\.m2\repository\org\apache\httpcomponents\core5\httpcore5-h2\5.2\httpcore5-h2-5.2.jar;C:\Users\DELL\.m2\repository\io\cucumber\cucumber-java\7.11.2\cucumber-java-7.11.2.jar;C:\Users\DELL\.m2\repository\io\cucumber\cucumber-core\7.11.2\cucumber-core-7.11.2.jar;C:\Users\DELL\.m2\repository\io\cucumber\cucumber-gherkin\7.11.2\cucumber-gherkin-7.11.2.jar;C:\Users\DELL\.m2\repository\io\cucumber\cucumber-gherkin-messages\7.11.2\cucumber-gherkin-messages-7.11.2.jar;C:\Users\DELL\.m2\repository\io\cucumber\gherkin\26.0.3\gherkin-26.0.3.jar;C:\Users\DELL\.m2\repository\io\cucumber\messages\21.0.1\messages-21.0.1.jar;C:\Users\DELL\.m2\repository\io\cucumber\tag-expressions\5.0.1\tag-expressions-5.0.1.jar;C:\Users\DELL\.m2\repository\io\cucumber\cucumber-expressions\16.1.2\cucumber-expressions-16.1.2.jar;C:\Users\DELL\.m2\repository\io\cucumber\datatable\7.11.2\datatable-7.11.2.jar;C:\Users\DELL\.m2\repository\io\cucumber\cucumber-plugin\7.11.2\cucumber-plugin-7.11.2.jar;C:\Users\DELL\.m2\repository\io\cucumber\docstring\7.11.2\docstring-7.11.2.jar;C:\Users\DELL\.m2\repository\io\cucumber\html-formatter\20.2.1\html-formatter-20.2.1.jar;C:\Users\DELL\.m2\repository\io\cucumber\junit-xml-formatter\0.1.0\junit-xml-formatter-0.1.0.jar;C:\Users\DELL\.m2\repository\io\cucumber\ci-environment\9.1.0\ci-environment-9.1.0.jar;C:\Users\DELL\.m2\repository\org\apiguardian\apiguardian-api\1.1.2\apiguardian-api-1.1.2.jar;C:\Users\DELL\.m2\repository\io\cucumber\cucumber-testng\7.11.2\cucumber-testng-7.11.2.jar;C:\Users\DELL\.m2\repository\io\cucumber\cucumber-picocontainer\7.11.2\cucumber-picocontainer-7.11.2.jar;C:\Users\DELL\.m2\repository\org\picocontainer\picocontainer\2.15\picocontainer-2.15.jar;C:\Users\DELL\.m2\repository\org\apache\poi\poi\5.2.3\poi-5.2.3.jar;C:\Users\DELL\.m2\repository\commons-codec\commons-codec\1.15\commons-codec-1.15.jar;C:\Users\DELL\.m2\repository\org\apache\commons\commons-collections4\4.4\commons-collections4-4.4.jar;C:\Users\DELL\.m2\repository\org\apache\commons\commons-math3\3.6.1\commons-math3-3.6.1.jar;C:\Users\DELL\.m2\repository\com\zaxxer\SparseBitSet\1.2\SparseBitSet-1.2.jar;C:\Users\DELL\.m2\repository\org\apache\logging\log4j\log4j-api\2.18.0\log4j-api-2.18.0.jar;C:\Users\DELL\.m2\repository\org\apache\poi\poi-ooxml\5.2.3\poi-ooxml-5.2.3.jar;C:\Users\DELL\.m2\repository\org\apache\poi\poi-ooxml-lite\5.2.3\poi-ooxml-lite-5.2.3.jar;C:\Users\DELL\.m2\repository\org\apache\xmlbeans\xmlbeans\5.1.1\xmlbeans-5.1.1.jar;C:\Users\DELL\.m2\repository\org\apache\commons\commons-compress\1.21\commons-compress-1.21.jar;C:\Users\DELL\.m2\repository\com\github\virtuald\curvesapi\1.07\curvesapi-1.07.jar;C:\Users\DELL\.m2\repository\io\qameta\allure\allure-testng\2.21.0\allure-testng-2.21.0.jar;C:\Users\DELL\.m2\repository\io\qameta\allure\allure-test-filter\2.21.0\allure-test-filter-2.21.0.jar;C:\Users\DELL\.m2\repository\io\qameta\allure\allure-java-commons\2.21.0\allure-java-commons-2.21.0.jar;C:\Users\DELL\.m2\repository\io\qameta\allure\allure-model\2.21.0\allure-model-2.21.0.jar;C:\Users\DELL\.m2\repository\io\qameta\allure\allure-cucumber7-jvm\2.21.0\allure-cucumber7-jvm-2.21.0.jar;C:\Users\DELL\.m2\repository\org\aspectj\aspectjweaver\1.9.19\aspectjweaver-1.9.19.jar;C:\Users\DELL\.m2\repository\com\aventstack\extentreports\5.0.9\extentreports-5.0.9.jar;C:\Users\DELL\.m2\repository\io\reactivex\rxjava3\rxjava\3.0.4\rxjava-3.0.4.jar;C:\Users\DELL\.m2\repository\org\reactivestreams\reactive-streams\1.0.3\reactive-streams-1.0.3.jar;C:\Users\DELL\.m2\repository\org\freemarker\freemarker\2.3.30\freemarker-2.3.30.jar;C:\Users\DELL\.m2\repository\org\apache\pdfbox\pdfbox\2.0.28\pdfbox-2.0.28.jar;C:\Users\DELL\.m2\repository\org\apache\pdfbox\fontbox\2.0.28\fontbox-2.0.28.jar;C:\Users\DELL\.m2\repository\commons-logging\commons-logging\1.2\commons-logging-1.2.jar;C:\Users\DELL\.m2\repository\io\rest-assured\rest-assured\5.3.0\rest-assured-5.3.0.jar;C:\Users\DELL\.m2\repository\org\apache\groovy\groovy\4.0.6\groovy-4.0.6.jar;C:\Users\DELL\.m2\repository\org\apache\groovy\groovy-xml\4.0.6\groovy-xml-4.0.6.jar;C:\Users\DELL\.m2\repository\org\apache\httpcomponents\httpclient\4.5.13\httpclient-4.5.13.jar;C:\Users\DELL\.m2\repository\org\apache\httpcomponents\httpcore\4.4.13\httpcore-4.4.13.jar;C:\Users\DELL\.m2\repository\org\apache\httpcomponents\httpmime\4.5.13\httpmime-4.5.13.jar;C:\Users\DELL\.m2\repository\org\hamcrest\hamcrest\2.1\hamcrest-2.1.jar;C:\Users\DELL\.m2\repository\org\ccil\cowan\tagsoup\tagsoup\1.2.1\tagsoup-1.2.1.jar;C:\Users\DELL\.m2\repository\io\rest-assured\json-path\5.3.0\json-path-5.3.0.jar;C:\Users\DELL\.m2\repository\org\apache\groovy\groovy-json\4.0.6\groovy-json-4.0.6.jar;C:\Users\DELL\.m2\repository\io\rest-assured\rest-assured-common\5.3.0\rest-assured-common-5.3.0.jar;C:\Users\DELL\.m2\repository\io\rest-assured\xml-path\5.3.0\xml-path-5.3.0.jar;C:\Users\DELL\.m2\repository\com\googlecode\json-simple\json-simple\1.1.1\json-simple-1.1.1.jar;C:\Users\DELL\.m2\repository\com\jayway\jsonpath\json-path\2.8.0\json-path-2.8.0.jar;C:\Users\DELL\.m2\repository\net\minidev\json-smart\2.4.10\json-smart-2.4.10.jar;C:\Users\DELL\.m2\repository\net\minidev\accessors-smart\2.4.9\accessors-smart-2.4.9.jar;C:\Users\DELL\.m2\repository\org\skyscreamer\jsonassert\1.5.1\jsonassert-1.5.1.jar;C:\Users\DELL\.m2\repository\com\vaadin\external\google\android-json\0.0.20131108.vaadin1\android-json-0.0.20131108.vaadin1.jar;C:\Users\DELL\.m2\repository\eu\medsea\mimeutil\mime-util\2.1.3\mime-util-2.1.3.jar;C:\Users\DELL\.m2\repository\io\rest-assured\json-schema-validator\5.3.0\json-schema-validator-5.3.0.jar;C:\Users\DELL\.m2\repository\com\github\java-json-tools\json-schema-validator\2.2.14\json-schema-validator-2.2.14.jar;C:\Users\DELL\.m2\repository\com\github\java-json-tools\jackson-coreutils-equivalence\1.0\jackson-coreutils-equivalence-1.0.jar;C:\Users\DELL\.m2\repository\com\github\java-json-tools\jackson-coreutils\2.0\jackson-coreutils-2.0.jar;C:\Users\DELL\.m2\repository\com\github\java-json-tools\msg-simple\1.2\msg-simple-1.2.jar;C:\Users\DELL\.m2\repository\com\github\java-json-tools\btf\1.3\btf-1.3.jar;C:\Users\DELL\.m2\repository\com\github\java-json-tools\json-schema-core\1.2.14\json-schema-core-1.2.14.jar;C:\Users\DELL\.m2\repository\com\github\java-json-tools\uri-template\0.10\uri-template-0.10.jar;C:\Users\DELL\.m2\repository\org\mozilla\rhino\1.7.7.2\rhino-1.7.7.2.jar;C:\Users\DELL\.m2\repository\com\sun\mail\mailapi\1.6.2\mailapi-1.6.2.jar;C:\Users\DELL\.m2\repository\com\googlecode\libphonenumber\libphonenumber\8.11.1\libphonenumber-8.11.1.jar;C:\Users\DELL\.m2\repository\net\sf\jopt-simple\jopt-simple\5.0.4\jopt-simple-5.0.4.jar;C:\Users\DELL\.m2\repository\com\fasterxml\jackson\datatype\jackson-datatype-jdk8\2.14.2\jackson-datatype-jdk8-2.14.2.jar;C:\Users\DELL\.m2\repository\com\fasterxml\jackson\core\jackson-core\2.14.2\jackson-core-2.14.2.jar;C:\Users\DELL\.m2\repository\com\fasterxml\jackson\core\jackson-databind\2.14.2\jackson-databind-2.14.2.jar;C:\Users\DELL\.m2\repository\com\fasterxml\jackson\core\jackson-annotations\2.14.2\jackson-annotations-2.14.2.jar;C:\Users\DELL\.m2\repository\com\applitools\eyes-images-java4\4.14.0\eyes-images-java4-4.14.0.jar;C:\Users\DELL\.m2\repository\com\applitools\eyes-common-java4\4.14.0\eyes-common-java4-4.14.0.jar;C:\Users\DELL\.m2\repository\org\imgscalr\imgscalr-lib\4.2\imgscalr-lib-4.2.jar;C:\Users\DELL\.m2\repository\com\helger\ph-css\6.1.1\ph-css-6.1.1.jar;C:\Users\DELL\.m2\repository\com\helger\ph-commons\9.0.2\ph-commons-9.0.2.jar;C:\Users\DELL\.m2\repository\com\applitools\eyes-sdk-core-java4\4.14.0\eyes-sdk-core-java4-4.14.0.jar;C:\Users\DELL\.m2\repository\com\applitools\eyes-connectivity-java4-jersey2x\4.14.0\eyes-connectivity-java4-jersey2x-4.14.0.jar;C:\Users\DELL\.m2\repository\org\glassfish\jersey\connectors\jersey-apache-connector\2.16\jersey-apache-connector-2.16.jar;C:\Users\DELL\.m2\repository\org\glassfish\jersey\core\jersey-common\2.16\jersey-common-2.16.jar;C:\Users\DELL\.m2\repository\javax\annotation\javax.annotation-api\1.2\javax.annotation-api-1.2.jar;C:\Users\DELL\.m2\repository\org\glassfish\jersey\bundles\repackaged\jersey-guava\2.16\jersey-guava-2.16.jar;C:\Users\DELL\.m2\repository\org\glassfish\hk2\osgi-resource-locator\1.0.1\osgi-resource-locator-1.0.1.jar;C:\Users\DELL\.m2\repository\javax\ws\rs\javax.ws.rs-api\2.0.1\javax.ws.rs-api-2.0.1.jar;C:\Users\DELL\.m2\repository\org\glassfish\jersey\core\jersey-client\2.16\jersey-client-2.16.jar;C:\Users\DELL\.m2\repository\org\glassfish\hk2\hk2-api\2.4.0-b09\hk2-api-2.4.0-b09.jar;C:\Users\DELL\.m2\repository\org\glassfish\hk2\hk2-utils\2.4.0-b09\hk2-utils-2.4.0-b09.jar;C:\Users\DELL\.m2\repository\org\glassfish\hk2\external\aopalliance-repackaged\2.4.0-b09\aopalliance-repackaged-2.4.0-b09.jar;C:\Users\DELL\.m2\repository\org\glassfish\hk2\external\javax.inject\2.4.0-b09\javax.inject-2.4.0-b09.jar;C:\Users\DELL\.m2\repository\org\glassfish\hk2\hk2-locator\2.4.0-b09\hk2-locator-2.4.0-b09.jar;C:\Users\DELL\.m2\repository\org\openpnp\opencv\4.7.0-0\opencv-4.7.0-0.jar;C:\Users\DELL\.m2\repository\com\sikulix\sikulixapi\2.0.5\sikulixapi-2.0.5.jar;C:\Users\DELL\.m2\repository\org\python\jython-slim\2.7.2\jython-slim-2.7.2.jar;C:\Users\DELL\.m2\repository\org\antlr\antlr\3.5.2\antlr-3.5.2.jar;C:\Users\DELL\.m2\repository\org\antlr\ST4\4.0.8\ST4-4.0.8.jar;C:\Users\DELL\.m2\repository\javax\servlet\javax.servlet-api\3.1.0\javax.servlet-api-3.1.0.jar;C:\Users\DELL\.m2\repository\org\antlr\antlr-runtime\3.5.2\antlr-runtime-3.5.2.jar;C:\Users\DELL\.m2\repository\org\bouncycastle\bcpkix-jdk15on\1.62\bcpkix-jdk15on-1.62.jar;C:\Users\DELL\.m2\repository\org\bouncycastle\bcprov-jdk15on\1.62\bcprov-jdk15on-1.62.jar;C:\Users\DELL\.m2\repository\org\ow2\asm\asm-commons\7.1\asm-commons-7.1.jar;C:\Users\DELL\.m2\repository\org\ow2\asm\asm-analysis\7.1\asm-analysis-7.1.jar;C:\Users\DELL\.m2\repository\org\ow2\asm\asm-util\7.1\asm-util-7.1.jar;C:\Users\DELL\.m2\repository\com\ibm\icu\icu4j\59.1\icu4j-59.1.jar;C:\Users\DELL\.m2\repository\com\carrotsearch\java-sizeof\0.0.5\java-sizeof-0.0.5.jar;C:\Users\DELL\.m2\repository\com\github\jnr\jffi\1.2.20\jffi-1.2.20.jar;C:\Users\DELL\.m2\repository\com\github\jnr\jnr-netdb\1.1.6\jnr-netdb-1.1.6.jar;C:\Users\DELL\.m2\repository\com\github\jnr\jnr-ffi\2.1.10\jnr-ffi-2.1.10.jar;C:\Users\DELL\.m2\repository\com\github\jnr\jffi\1.2.19\jffi-1.2.19-native.jar;C:\Users\DELL\.m2\repository\com\github\jnr\jnr-a64asm\1.0.0\jnr-a64asm-1.0.0.jar;C:\Users\DELL\.m2\repository\com\github\jnr\jnr-x86asm\1.0.2\jnr-x86asm-1.0.2.jar;C:\Users\DELL\.m2\repository\com\github\jnr\jnr-posix\3.0.50\jnr-posix-3.0.50.jar;C:\Users\DELL\.m2\repository\com\github\jnr\jnr-constants\0.9.12\jnr-constants-0.9.12.jar;C:\Users\DELL\.m2\repository\jline\jline\2.14.5\jline-2.14.5.jar;C:\Users\DELL\.m2\repository\org\apache\ant\ant\1.9.7\ant-1.9.7.jar;C:\Users\DELL\.m2\repository\org\apache\ant\ant-launcher\1.9.7\ant-launcher-1.9.7.jar;C:\Users\DELL\.m2\repository\com\sikulix\sikulix2tigervnc\1.1.4\sikulix2tigervnc-1.1.4.jar;C:\Users\DELL\.m2\repository\commons-cli\commons-cli\1.4\commons-cli-1.4.jar;C:\Users\DELL\.m2\repository\org\apache\commons\commons-exec\1.3\commons-exec-1.3.jar;C:\Users\DELL\.m2\repository\net\java\dev\jna\jna-platform\5.6.0\jna-platform-5.6.0.jar;C:\Users\DELL\.m2\repository\net\oneandone\reflections8\reflections8\0.11.6\reflections8-0.11.6.jar;C:\Users\DELL\.m2\repository\org\javassist\javassist\3.22.0-GA\javassist-3.22.0-GA.jar;C:\Users\DELL\.m2\repository\net\sourceforge\tess4j\tess4j\4.5.4\tess4j-4.5.4.jar;C:\Users\DELL\.m2\repository\com\github\jai-imageio\jai-imageio-core\1.4.0\jai-imageio-core-1.4.0.jar;C:\Users\DELL\.m2\repository\org\ghost4j\ghost4j\1.0.1\ghost4j-1.0.1.jar;C:\Users\DELL\.m2\repository\org\apache\xmlgraphics\xmlgraphics-commons\1.4\xmlgraphics-commons-1.4.jar;C:\Users\DELL\.m2\repository\com\lowagie\itext\2.1.7\itext-2.1.7.jar;C:\Users\DELL\.m2\repository\org\apache\pdfbox\pdfbox-tools\2.0.21\pdfbox-tools-2.0.21.jar;C:\Users\DELL\.m2\repository\org\apache\pdfbox\pdfbox-debugger\2.0.21\pdfbox-debugger-2.0.21.jar;C:\Users\DELL\.m2\repository\org\apache\pdfbox\jbig2-imageio\3.0.3\jbig2-imageio-3.0.3.jar;C:\Users\DELL\.m2\repository\net\sourceforge\lept4j\lept4j\1.13.2\lept4j-1.13.2.jar;C:\Users\DELL\.m2\repository\org\jboss\jboss-vfs\3.2.15.Final\jboss-vfs-3.2.15.Final.jar;C:\Users\DELL\.m2\repository\org\jboss\logging\jboss-logging\3.1.4.GA\jboss-logging-3.1.4.GA.jar;C:\Users\DELL\.m2\repository\net\sf\py4j\py4j\0.10.9.1\py4j-0.10.9.1.jar;C:\Users\DELL\.m2\repository\com\epam\healenium\healenium-web\3.4.2\healenium-web-3.4.2.jar;C:\Users\DELL\.m2\repository\com\typesafe\config\1.4.2\config-1.4.2.jar;C:\Users\DELL\.m2\repository\com\epam\healenium\tree-comparing\0.4.11\tree-comparing-0.4.11.jar;C:\Users\DELL\.m2\repository\org\apache\commons\commons-text\1.6\commons-text-1.6.jar;C:\Users\DELL\.m2\repository\com\squareup\okhttp3\okhttp\4.9.3\okhttp-4.9.3.jar;C:\Users\DELL\.m2\repository\com\squareup\okio\okio\2.8.0\okio-2.8.0.jar;C:\Users\DELL\.m2\repository\org\jetbrains\kotlin\kotlin-stdlib-common\1.4.0\kotlin-stdlib-common-1.4.0.jar;C:\Users\DELL\.m2\repository\org\jetbrains\kotlin\kotlin-stdlib\1.4.10\kotlin-stdlib-1.4.10.jar;C:\Users\DELL\.m2\repository\com\squareup\okhttp3\logging-interceptor\4.10.0\logging-interceptor-4.10.0.jar;C:\Users\DELL\.m2\repository\org\jetbrains\kotlin\kotlin-stdlib-jdk8\1.6.10\kotlin-stdlib-jdk8-1.6.10.jar;C:\Users\DELL\.m2\repository\org\jetbrains\kotlin\kotlin-stdlib-jdk7\1.6.10\kotlin-stdlib-jdk7-1.6.10.jar;C:\Users\DELL\.m2\repository\org\mapstruct\mapstruct\1.4.2.Final\mapstruct-1.4.2.Final.jar;C:\Users\DELL\.m2\repository\one\util\streamex\0.8.1\streamex-0.8.1.jar;C:\Users\DELL\.m2\repository\org\mapstruct\mapstruct-processor\1.4.2.Final\mapstruct-processor-1.4.2.Final.jar;C:\Users\DELL\.m2\repository\com\assertthat\selenium-shutterbug\1.6\selenium-shutterbug-1.6.jar;C:\Users\DELL\.m2\repository\com\github\zafarkhaja\java-semver\0.9.0\java-semver-0.9.0.jar;C:\Users\DELL\.m2\repository\com\jcraft\jsch\0.1.55\jsch-0.1.55.jar;C:\Users\DELL\.m2\repository\com\mysql\mysql-connector-j\8.0.32\mysql-connector-j-8.0.32.jar;C:\Users\DELL\.m2\repository\com\google\protobuf\protobuf-java\3.21.9\protobuf-java-3.21.9.jar;C:\Users\DELL\.m2\repository\com\microsoft\sqlserver\mssql-jdbc\9.4.1.jre16-preview\mssql-jdbc-9.4.1.jre16-preview.jar;C:\Users\DELL\.m2\repository\postgresql\postgresql\9.1-901-1.jdbc4\postgresql-9.1-901-1.jdbc4.jar;C:\Users\DELL\.m2\repository\com\ibm\db2\jcc\db2jcc\db2jcc4\db2jcc-db2jcc4.jar;C:\Users\DELL\.m2\repository\ws\schild\jave-all-deps\3.3.1\jave-all-deps-3.3.1.jar;C:\Users\DELL\.m2\repository\ws\schild\jave-core\3.3.1\jave-core-3.3.1.jar;C:\Users\DELL\.m2\repository\ws\schild\jave-nativebin-win32\3.3.1\jave-nativebin-win32-3.3.1.jar;C:\Users\DELL\.m2\repository\ws\schild\jave-nativebin-win64\3.3.1\jave-nativebin-win64-3.3.1.jar;C:\Users\DELL\.m2\repository\ws\schild\jave-nativebin-linux32\3.3.1\jave-nativebin-linux32-3.3.1.jar;C:\Users\DELL\.m2\repository\ws\schild\jave-nativebin-linux64\3.3.1\jave-nativebin-linux64-3.3.1.jar;C:\Users\DELL\.m2\repository\ws\schild\jave-nativebin-osx64\3.3.1\jave-nativebin-osx64-3.3.1.jar;C:\Users\DELL\.m2\repository\ws\schild\jave-nativebin-osxm1\3.3.1\jave-nativebin-osxm1-3.3.1.jar;C:\Users\DELL\.m2\repository\ws\schild\jave-nativebin-linux-arm32\3.3.1\jave-nativebin-linux-arm32-3.3.1.jar;C:\Users\DELL\.m2\repository\ws\schild\jave-nativebin-linux-arm64\3.3.1\jave-nativebin-linux-arm64-3.3.1.jar;C:\Users\DELL\.m2\repository\com\automation-remarks\video-recorder-testng\2.0\video-recorder-testng-2.0.jar;C:\Users\DELL\.m2\repository\com\automation-remarks\video-recorder-core\2.0\video-recorder-core-2.0.jar;C:\Users\DELL\.m2\repository\org\zeroturnaround\zt-exec\1.10\zt-exec-1.10.jar;C:\Users\DELL\.m2\repository\org\awaitility\awaitility\3.1.6\awaitility-3.1.6.jar;C:\Users\DELL\.m2\repository\org\hamcrest\hamcrest-library\1.3\hamcrest-library-1.3.jar;C:\Users\DELL\.m2\repository\org\hamcrest\hamcrest-core\1.3\hamcrest-core-1.3.jar;C:\Users\DELL\.m2\repository\org\objenesis\objenesis\2.6\objenesis-2.6.jar;C:\Users\DELL\.m2\repository\org\json\json\20180813\json-20180813.jar;C:\Users\DELL\.m2\repository\org\apache\logging\log4j\log4j-slf4j2-impl\2.20.0\log4j-slf4j2-impl-2.20.0.jar;C:\Users\DELL\.m2\repository\org\slf4j\slf4j-api\2.0.6\slf4j-api-2.0.6.jar;C:\Users\DELL\.m2\repository\org\apache\logging\log4j\log4j-core\2.20.0\log4j-core-2.20.0.jar;C:\Users\DELL\.m2\repository\org\apache\logging\log4j\log4j-1.2-api\2.20.0\log4j-1.2-api-2.20.0.jar;C:\Users\DELL\.m2\repository\com\google\guava\guava\31.1-jre\guava-31.1-jre.jar;C:\Users\DELL\.m2\repository\com\google\guava\failureaccess\1.0.1\failureaccess-1.0.1.jar;C:\Users\DELL\.m2\repository\com\google\guava\listenablefuture\9999.0-empty-to-avoid-conflict-with-guava\listenablefuture-9999.0-empty-to-avoid-conflict-with-guava.jar;C:\Users\DELL\.m2\repository\com\google\code\findbugs\jsr305\3.0.2\jsr305-3.0.2.jar;C:\Users\DELL\.m2\repository\org\checkerframework\checker-qual\3.12.0\checker-qual-3.12.0.jar;C:\Users\DELL\.m2\repository\com\google\errorprone\error_prone_annotations\2.11.0\error_prone_annotations-2.11.0.jar;C:\Users\DELL\.m2\repository\com\google\j2objc\j2objc-annotations\1.3\j2objc-annotations-1.3.jar;C:\Users\DELL\.m2\repository\org\projectlombok\lombok\1.18.26\lombok-1.18.26.jar;C:\Users\DELL\.m2\repository\com\google\crypto\tink\tink\1.8.0\tink-1.8.0.jar;C:\Users\DELL\.m2\repository\androidx\annotation\annotation\1.3.0\annotation-1.3.0.jar;C:\Users\DELL\.m2\repository\com\google\http-client\google-http-client\1.42.3\google-http-client-1.42.3.jar;C:\Users\DELL\.m2\repository\io\opencensus\opencensus-api\0.31.1\opencensus-api-0.31.1.jar;C:\Users\DELL\.m2\repository\io\grpc\grpc-context\1.27.2\grpc-context-1.27.2.jar;C:\Users\DELL\.m2\repository\io\opencensus\opencensus-contrib-http-util\0.31.1\opencensus-contrib-http-util-0.31.1.jar;C:\Users\DELL\.m2\repository\joda-time\joda-time\2.10.3\joda-time-2.10.3.jar;C:\Users\DELL\.m2\repository\com\google\crypto\tink\tink-awskms\1.8.0\tink-awskms-1.8.0.jar;C:\Users\DELL\.m2\repository\com\amazonaws\aws-java-sdk-core\1.12.182\aws-java-sdk-core-1.12.182.jar;C:\Users\DELL\.m2\repository\software\amazon\ion\ion-java\1.0.2\ion-java-1.0.2.jar;C:\Users\DELL\.m2\repository\com\fasterxml\jackson\dataformat\jackson-dataformat-cbor\2.12.6\jackson-dataformat-cbor-2.12.6.jar;C:\Users\DELL\.m2\repository\com\amazonaws\aws-java-sdk-kms\1.12.182\aws-java-sdk-kms-1.12.182.jar;C:\Users\DELL\.m2\repository\com\amazonaws\jmespath-java\1.12.182\jmespath-java-1.12.182.jar;C:\Users\DELL\.m2\repository\com\google\crypto\tink\tink-gcpkms\1.8.0\tink-gcpkms-1.8.0.jar;C:\Users\DELL\.m2\repository\com\google\api-client\google-api-client\2.2.0\google-api-client-2.2.0.jar;C:\Users\DELL\.m2\repository\com\google\http-client\google-http-client-apache-v2\1.42.3\google-http-client-apache-v2-1.42.3.jar;C:\Users\DELL\.m2\repository\com\google\apis\google-api-services-cloudkms\v1-rev20221107-2.0.0\google-api-services-cloudkms-v1-rev20221107-2.0.0.jar;C:\Users\DELL\.m2\repository\com\google\auth\google-auth-library-oauth2-http\1.5.3\google-auth-library-oauth2-http-1.5.3.jar;C:\Users\DELL\.m2\repository\com\google\auto\value\auto-value-annotations\1.9\auto-value-annotations-1.9.jar;C:\Users\DELL\.m2\repository\com\google\auth\google-auth-library-credentials\1.5.3\google-auth-library-credentials-1.5.3.jar;C:\Users\DELL\.m2\repository\com\google\http-client\google-http-client-gson\1.42.3\google-http-client-gson-1.42.3.jar;C:\Users\DELL\.m2\repository\com\google\oauth-client\google-oauth-client\1.34.1\google-oauth-client-1.34.1.jar;C:\Users\DELL\.m2\repository\org\yaml\snakeyaml\2.0\snakeyaml-2.0.jar;C:\Users\DELL\.m2\repository\org\aeonbits\owner\owner-java8\1.0.12\owner-java8-1.0.12.jar;C:\Users\DELL\.m2\repository\org\aeonbits\owner\owner\1.0.12\owner-1.0.12.jar;C:\Users\DELL\.m2\repository\org\jacoco\jacoco-maven-plugin\0.8.8\jacoco-maven-plugin-0.8.8.jar;C:\Users\DELL\.m2\repository\org\codehaus\plexus\plexus-utils\3.0.22\plexus-utils-3.0.22.jar;C:\Users\DELL\.m2\repository\org\apache\maven\shared\file-management\1.2.1\file-management-1.2.1.jar;C:\Users\DELL\.m2\repository\org\apache\maven\maven-plugin-api\2.0.6\maven-plugin-api-2.0.6.jar;C:\Users\DELL\.m2\repository\org\apache\maven\shared\maven-shared-io\1.1\maven-shared-io-1.1.jar;C:\Users\DELL\.m2\repository\org\apache\maven\maven-artifact\2.0.2\maven-artifact-2.0.2.jar;C:\Users\DELL\.m2\repository\org\apache\maven\maven-artifact-manager\2.0.2\maven-artifact-manager-2.0.2.jar;C:\Users\DELL\.m2\repository\org\apache\maven\maven-repository-metadata\2.0.2\maven-repository-metadata-2.0.2.jar;C:\Users\DELL\.m2\repository\org\apache\maven\wagon\wagon-provider-api\1.0-alpha-6\wagon-provider-api-1.0-alpha-6.jar;C:\Users\DELL\.m2\repository\org\codehaus\plexus\plexus-container-default\1.0-alpha-9\plexus-container-default-1.0-alpha-9.jar;C:\Users\DELL\.m2\repository\junit\junit\3.8.1\junit-3.8.1.jar;C:\Users\DELL\.m2\repository\classworlds\classworlds\1.1-alpha-2\classworlds-1.1-alpha-2.jar;C:\Users\DELL\.m2\repository\org\apache\maven\reporting\maven-reporting-api\3.0\maven-reporting-api-3.0.jar;C:\Users\DELL\.m2\repository\org\apache\maven\doxia\doxia-sink-api\1.0\doxia-sink-api-1.0.jar;C:\Users\DELL\.m2\repository\org\jacoco\org.jacoco.agent\0.8.8\org.jacoco.agent-0.8.8-runtime.jar;C:\Users\DELL\.m2\repository\org\jacoco\org.jacoco.core\0.8.8\org.jacoco.core-0.8.8.jar;C:\Users\DELL\.m2\repository\org\ow2\asm\asm-tree\9.2\asm-tree-9.2.jar;C:\Users\DELL\.m2\repository\org\jacoco\org.jacoco.report\0.8.8\org.jacoco.report-0.8.8.jar;C:\Users\DELL\.m2\repository\org\jsoup\jsoup\1.15.4\jsoup-1.15.4.jar;"/>
    <property name="cucumber.snippet-type" value="underscore"/>
    <property name="sun.cpu.endian" value="little"/>
    <property name="user.home" value="C:\Users\DELL"/>
    <property name="user.language" value="en"/>
    <property name="dynamicObjectRepositoryPath" value="src/main/resources/dynamicObjectRepository/"/>
    <property name="setThreadCount" value="1"/>
    <property name="cucumber.execution.dry-run" value="false"/>
    <property name="allure.link.tms.pattern" value="https:///{} "/>
    <property name="setGroupByInstances" value="true"/>
    <property name="cucumber.execution.limit" value=""/>
    <property name="createAnimatedGif" value="true"/>
    <property name="screenshotParams_screenshotType" value="Regular"/>
    <property name="name" value="PropertiesConfig"/>
    <property name="cucumber.execution.wip" value="false"/>
    <property name="appender.console.layout.type" value="PatternLayout"/>
    <property name="appender.console.name" value="STDOUT"/>
    <property name="appender.file.name" value="LOGFILE"/>
    <property name="debugMode" value="true"/>
    <property name="surefire.real.class.path" value="C:\Users\DELL\AppData\Local\Temp\surefire2229586464794945500\surefirebooter-20230429183128625_3.jar"/>
    <property name="appender.console.layout.disableAnsi" value="false"/>
    <property name="applitoolsApiKey" value=""/>
    <property name="cucumber.plugin" value="pretty, json:allure-results/cucumber.json, html:allure-results/cucumberReport.html, com.shaft.listeners.CucumberTestRunnerListener"/>
    <property name="path.separator" value=";"/>
    <property name="screenshotParams_skippedElementsFromScreenshot" value=""/>
    <property name="os.version" value="10.0"/>
    <property name="reportTestCasesExecution" value="true"/>
    <property name="java.runtime.name" value="Java(TM) SE Runtime Environment"/>
    <property name="screenshotParams_highlightMethod" value="AI"/>
    <property name="generateExtentReports" value="true"/>
    <property name="java.vm.name" value="Java HotSpot(TM) 64-Bit Server VM"/>
    <property name="logger.app.name" value="org.apache.http.impl.client"/>
    <property name="cucumber.ansi-colors.disabled" value="false"/>
    <property name="java.vendor.url.bug" value="https://bugreport.java.com/bugreport/"/>
    <property name="animatedGif_frameDelay" value="500"/>
    <property name="captureElementName" value="true"/>
    <property name="cucumber.filter.tags" value=""/>
    <property name="user.dir" value="D:\Study\Shaft\Automationexercise"/>
    <property name="os.arch" value="amd64"/>
    <property name="cucumber.execution.order" value="lexical"/>
    <property name="appender.file.type" value="File"/>
    <property name="setVerbose" value="1"/>
    <property name="setParallel" value="NONE"/>
    <property name="appender.file.filter.threshold.level" value="debug"/>
    <property name="captureWebDriverLogs" value="true"/>
    <property name="setDataProviderThreadCount" value="1"/>
    <property name="java.vm.info" value="mixed mode, sharing"/>
    <property name="java.vm.version" value="18.0.2.1+1-1"/>
    <property name="cucumber.glue" value="customCucumberSteps, com.shaft.cucumber"/>
    <property name="java.class.version" value="62.0"/>
    <property name="video.folder" value="allure-results/videos"/>
    <property name="webdriver.http.factory" value="jdk-http-client"/>
  </properties>
  <testcase name="testRegister" classname="Suits.RegisterTests.Register" time="24.407">
    <system-out><![CDATA[&amp#27;[38;2;0;96;168;1m[INFO]&amp#27;[m &amp#27;[m
------------------------------------------------------------------------------------------------------------------------------------------------
                                                      Powered by SHAFT Engine v7.2.20230419                                                      
------------------------------------------------------------------------------------------------------------------------------------------------
 &amp#27;[m&amp#27;[90m| com.shaft.tools.io.ReportManager&amp#27;[m &amp#27;[90m- main&amp#27;[m &amp#27;[90m- 06:31:32 pm&amp#27;[m 
&amp#27;[38;2;0;96;168;1m[INFO]&amp#27;[m &amp#27;[mLoaded OpenCV "opencv_java470". &amp#27;[m&amp#27;[90m| com.shaft.tools.io.ReportManager&amp#27;[m &amp#27;[90m- main&amp#27;[m &amp#27;[90m- 06:31:33 pm&amp#27;[m 
&amp#27;[38;2;0;96;168;1m[INFO]&amp#27;[m &amp#27;[mFile Action "DeleteFolder" successfully performed. With the following test data "Target Folder: "execution-summary"". &amp#27;[m&amp#27;[90m| com.shaft.tools.io.ReportManager&amp#27;[m &amp#27;[90m- main&amp#27;[m &amp#27;[90m- 06:31:33 pm&amp#27;[m 
&amp#27;[38;2;0;96;168;1m[INFO]&amp#27;[m &amp#27;[mInitializing Allure Reporting Environment... &amp#27;[m&amp#27;[90m| com.shaft.tools.io.ReportManager&amp#27;[m &amp#27;[90m- main&amp#27;[m &amp#27;[90m- 06:31:33 pm&amp#27;[m 
&amp#27;[38;2;0;96;168;1m[INFO]&amp#27;[m &amp#27;[mInitializing Extent Reporting Environment... &amp#27;[m&amp#27;[90m| com.shaft.tools.io.ReportManager&amp#27;[m &amp#27;[90m- main&amp#27;[m &amp#27;[90m- 06:31:33 pm&amp#27;[m 
&amp#27;[38;2;0;96;168;1m[INFO]&amp#27;[m &amp#27;[mgetPreserveOrder: true &amp#27;[m&amp#27;[90m| com.shaft.tools.io.ReportManager&amp#27;[m &amp#27;[90m- main&amp#27;[m &amp#27;[90m- 06:31:34 pm&amp#27;[m 
&amp#27;[38;2;0;96;168;1m[INFO]&amp#27;[m &amp#27;[mgetDataProviderThreadCount: 1 &amp#27;[m&amp#27;[90m| com.shaft.tools.io.ReportManager&amp#27;[m &amp#27;[90m- main&amp#27;[m &amp#27;[90m- 06:31:34 pm&amp#27;[m 
&amp#27;[38;2;0;96;168;1m[INFO]&amp#27;[m &amp#27;[mgetThreadCount: 1 &amp#27;[m&amp#27;[90m| com.shaft.tools.io.ReportManager&amp#27;[m &amp#27;[90m- main&amp#27;[m &amp#27;[90m- 06:31:34 pm&amp#27;[m 
&amp#27;[38;2;0;96;168;1m[INFO]&amp#27;[m &amp#27;[mgetVerbose: 1 &amp#27;[m&amp#27;[90m| com.shaft.tools.io.ReportManager&amp#27;[m &amp#27;[90m- main&amp#27;[m &amp#27;[90m- 06:31:34 pm&amp#27;[m 
&amp#27;[38;2;0;96;168;1m[INFO]&amp#27;[m &amp#27;[mgetGroupByInstances: true &amp#27;[m&amp#27;[90m| com.shaft.tools.io.ReportManager&amp#27;[m &amp#27;[90m- main&amp#27;[m &amp#27;[90m- 06:31:34 pm&amp#27;[m 
&amp#27;[38;2;0;96;168;1m[INFO]&amp#27;[m &amp#27;[mgetParallel: none &amp#27;[m&amp#27;[90m| com.shaft.tools.io.ReportManager&amp#27;[m &amp#27;[90m- main&amp#27;[m &amp#27;[90m- 06:31:34 pm&amp#27;[m 
&amp#27;[38;2;0;96;168;1m[INFO]&amp#27;[m &amp#27;[mSetting discrete logging to: 'false' &amp#27;[m&amp#27;[90m| com.shaft.tools.io.ReportManager&amp#27;[m &amp#27;[90m- main&amp#27;[m &amp#27;[90m- 06:31:34 pm&amp#27;[m 
&amp#27;[38;2;0;96;168;1m[INFO]&amp#27;[m &amp#27;[m
------------------------------------------------------------------------------------------------------------------------------------------------
                                             Starting execution of suite setup configuration method                                             
                                          'com.shaft.listeners.internal.ConfigurationHelper.suiteSetup'                                          
------------------------------------------------------------------------------------------------------------------------------------------------
 &amp#27;[m&amp#27;[90m| com.shaft.tools.io.ReportManager&amp#27;[m &amp#27;[90m- main&amp#27;[m &amp#27;[90m- 06:31:34 pm&amp#27;[m 
&amp#27;[38;2;0;96;168;1m[INFO]&amp#27;[m &amp#27;[mSetting discrete logging to: 'true' &amp#27;[m&amp#27;[90m| com.shaft.tools.io.ReportManager&amp#27;[m &amp#27;[90m- main&amp#27;[m &amp#27;[90m- 06:31:34 pm&amp#27;[m 
&amp#27;[38;2;0;96;168;1m[INFO]&amp#27;[m &amp#27;[mInitializing Important Links... &amp#27;[m&amp#27;[90m| com.shaft.tools.io.ReportManager&amp#27;[m &amp#27;[90m- main&amp#27;[m &amp#27;[90m- 06:31:34 pm&amp#27;[m 
&amp#27;[38;2;0;96;168;1m[INFO]&amp#27;[m &amp#27;[m[ReportManager] Debugging Attachment Entry @29-04-2023 18:31:34.0459 pm
<ul>
    <li>👨‍💻️ <a href="https://github.com/ShaftHQ/SHAFT_ENGINE" target=”_blank”>GitHub - Home</a></li>
    <li>👤 <a href="https://shafthq.github.io/SHAFT_Engine_Docusaurus/" target=”_blank”>User Guide</a></li>
    <li>⚙️ <a href="https://shafthq.github.io/SHAFT_ENGINE/" target=”_blank”>Configuration Manager</a></li>
    <li>📚 <a href="https://shafthq.github.io/SHAFT_ENGINE/apidocs/index.html" target=”_blank”>Javadocs</a></li>
</ul>
 &amp#27;[m&amp#27;[90m| com.shaft.tools.io.ReportManager&amp#27;[m &amp#27;[90m- main&amp#27;[m &amp#27;[90m- 06:31:34 pm&amp#27;[m 
&amp#27;[38;2;0;96;168;1m[INFO]&amp#27;[m &amp#27;[mInitializing Properties... &amp#27;[m&amp#27;[90m| com.shaft.tools.io.ReportManager&amp#27;[m &amp#27;[90m- main&amp#27;[m &amp#27;[90m- 06:31:34 pm&amp#27;[m 
&amp#27;[38;2;0;96;168;1m[INFO]&amp#27;[m &amp#27;[m[ReportManager] Debugging Attachment Entry @29-04-2023 18:31:34.0521 pm
#############
# https://cucumber.io/docs/cucumber/api/#list-configuration-options
##############
cucumber.ansi-colors.disabled=false
#true or false. default: false
cucumber.execution.dry-run=false
#true or false. default: false
cucumber.execution.limit=
#number of scenarios to execute (CLI only).
cucumber.execution.order=lexical
#lexical, reverse, random or random:[seed] (CLI only). default: lexical
cucumber.execution.strict=true
#true or false. default: true.
cucumber.execution.wip=false
#true or false. default: false.
cucumber.features=src/test/resources
#comma separated paths to feature files. example: path/to/example.feature, path/to/other.feature
cucumber.filter.name=
#regex. example: .*Hello.*
cucumber.filter.tags=
#tag expression. example: @smoke and not @slow
cucumber.glue=customCucumberSteps, com.shaft.cucumber
# comma separated package names. example: com.example.glue
cucumber.plugin=pretty, json:allure-results/cucumber.json, html:allure-results/cucumberReport.html, com.shaft.listeners.CucumberTestRunnerListener
# comma separated plugin strings. example: pretty, json:path/to/report.json
cucumber.object-factory=
#object factory class name. example: com.example.MyObjectFactory
cucumber.snippet-type=underscore
#underscore or camelcase. default: underscore
cucumber.publish.quiet=true
CUCUMBER_PUBLISH_ENABLED=false
 &amp#27;[m&amp#27;[90m| com.shaft.tools.io.ReportManager&amp#27;[m &amp#27;[90m- main&amp#27;[m &amp#27;[90m- 06:31:34 pm&amp#27;[m 
&amp#27;[38;2;0;96;168;1m[INFO]&amp#27;[m &amp#27;[m[ReportManager] Debugging Attachment Entry @29-04-2023 18:31:34.0538 pm
# Use this to add any custom capabilities
# This includes SeeTest Continuous Testing cloud platform capabilities: https://docs.experitest.com/display/TE/Application+Setup
capabilities.accessKey=
capabilities.appiumVersion=
capabilities.deviceQuery=
 &amp#27;[m&amp#27;[90m| com.shaft.tools.io.ReportManager&amp#27;[m &amp#27;[90m- main&amp#27;[m &amp#27;[90m- 06:31:34 pm&amp#27;[m 
&amp#27;[38;2;0;96;168;1m[INFO]&amp#27;[m &amp#27;[m[ReportManager] Debugging Attachment Entry @29-04-2023 18:31:34.0541 pm
###################################################
##### SHAFT_Engine: JiraXRay.properties
###################################################
jiraInteraction=false
jiraUrl=https://
projectKey=
authType=undefined
authorization=
reportTestCasesExecution=true
reportPath=target/surefire-reports/testng-results.xml
ExecutionName=
ExecutionDescription=
ReportBugs=true
assignee=
allure.link.tms.pattern=https:///{} 
allure.link.custom.pattern={}
###################################################
##### END of Properties File
###################################################
 &amp#27;[m&amp#27;[90m| com.shaft.tools.io.ReportManager&amp#27;[m &amp#27;[90m- main&amp#27;[m &amp#27;[90m- 06:31:34 pm&amp#27;[m 
&amp#27;[38;2;0;96;168;1m[INFO]&amp#27;[m &amp#27;[m[ReportManager] Debugging Attachment Entry @29-04-2023 18:31:34.0542 pm
name=PropertiesConfig
appender.console.type=Console
appender.console.name=STDOUT
appender.console.layout.type=PatternLayout
appender.console.layout.disableAnsi=false
appender.console.layout.pattern=%highlight{[%p]}{FATAL=red blink, ERROR=red bold, WARN=yellow bold, INFO=fg_#0060a8 bold, DEBUG=fg_#43b02a bold, TRACE=black} %style{%m }%style{| %-logger}{bright_black} %style{- %-thread}{bright_black} %style{- %d{hh:mm:ss a}}{bright_black} %n
appender.console.filter.threshold.type=ThresholdFilter
appender.console.filter.threshold.level=info
appender.file.type=File
appender.file.name=LOGFILE
appender.file.fileName=target/logs/log4j.log
appender.file.layout.type=PatternLayout
appender.file.layout.pattern=[%-5level] %d{yyyy-MM-dd HH:mm:ss.SSS} [%t] %c{1} - %msg%n
appender.file.filter.threshold.type=ThresholdFilter
appender.file.filter.threshold.level=debug
rootLogger=debug, STDOUT, LOGFILE
logger.app.name=org.apache.http.impl.client
logger.app.level=WARN
 &amp#27;[m&amp#27;[90m| com.shaft.tools.io.ReportManager&amp#27;[m &amp#27;[90m- main&amp#27;[m &amp#27;[90m- 06:31:34 pm&amp#27;[m 
&amp#27;[38;2;0;96;168;1m[INFO]&amp#27;[m &amp#27;[m[ReportManager] Debugging Attachment Entry @29-04-2023 18:31:34.0543 pm
###################################################
##### SHAFT_Engine Path Properties
###################################################
propertiesFolderPath_CI=
propertiesFolderPath=src/main/resources/properties/
dynamicObjectRepositoryPath=src/main/resources/dynamicObjectRepository/
testDataFolderPath=src/test/resources/testDataFiles/
downloadsFolderPath=target/downloadedFiles/
allureResultsFolderPath=allure-results/
extentReportsFolderPath=extent-reports/
video.folder=allure-results/videos
applitoolsApiKey=
###################################################
##### END of Properties File
###################################################
 &amp#27;[m&amp#27;[90m| com.shaft.tools.io.ReportManager&amp#27;[m &amp#27;[90m- main&amp#27;[m &amp#27;[90m- 06:31:34 pm&amp#27;[m 
&amp#27;[38;2;0;96;168;1m[INFO]&amp#27;[m &amp#27;[m[ReportManager] Debugging Attachment Entry @29-04-2023 18:31:34.0544 pm
###################################################
##### SHAFT_Engine: Reporting.properties
###################################################
captureElementName=true
captureWebDriverLogs=true
alwaysLogDiscreetly=true
debugMode=true
cleanAllureResultsDirectoryBeforeExecution=true
generateAllureReportArchive=true
openAllureReportAfterExecution=true
generateExtentReports=true
cleanExtentReportsDirectoryBeforeExecution=true
attachExtentReportToAllureReport=true
openExecutionSummaryReportAfterExecution=true
openLighthouseReportWhileExecution=true
###################################################
##### END of Properties File
###################################################
 &amp#27;[m&amp#27;[90m| com.shaft.tools.io.ReportManager&amp#27;[m &amp#27;[90m- main&amp#27;[m &amp#27;[90m- 06:31:34 pm&amp#27;[m 
&amp#27;[38;2;0;96;168;1m[INFO]&amp#27;[m &amp#27;[m[ReportManager] Debugging Attachment Entry @29-04-2023 18:31:34.0545 pm
###################################################
##### SHAFT_Engine: TestNG.properties
###################################################
setParallel=NONE
setThreadCount=1
setVerbose=1
setPreserveOrder=true
setGroupByInstances=true
setDataProviderThreadCount=1
###################################################
##### END of PropertiesHelper File
###################################################
 &amp#27;[m&amp#27;[90m| com.shaft.tools.io.ReportManager&amp#27;[m &amp#27;[90m- main&amp#27;[m &amp#27;[90m- 06:31:34 pm&amp#27;[m 
&amp#27;[38;2;0;96;168;1m[INFO]&amp#27;[m &amp#27;[m[ReportManager] Debugging Attachment Entry @29-04-2023 18:31:34.0546 pm
###################################################
##### SHAFT_Engine: VisualValidations.properties
###################################################
screenshotParams_scalingFactor=1
screenshotParams_whenToTakeAScreenshot=ValidationPointsOnly
screenshotParams_screenshotType=FullPage
screenshotParams_highlightElements=true
screenshotParams_highlightMethod=AI
screenshotParams_skippedElementsFromScreenshot=
screenshotParams_watermark=true
screenshotParams_watermarkOpacity=0.2
createAnimatedGif=true
animatedGif_frameDelay=500
videoParams_recordVideo=true
videoParams_scope=DriverSession
whenToTakePageSourceSnapshot=FailuresOnly
###################################################
##### END of Properties File
###################################################
 &amp#27;[m&amp#27;[90m| com.shaft.tools.io.ReportManager&amp#27;[m &amp#27;[90m- main&amp#27;[m &amp#27;[90m- 06:31:34 pm&amp#27;[m 
&amp#27;[38;2;0;96;168;1m[INFO]&amp#27;[m &amp#27;[mSetting discrete logging to: 'true' &amp#27;[m&amp#27;[90m| com.shaft.tools.io.ReportManager&amp#27;[m &amp#27;[90m- main&amp#27;[m &amp#27;[90m- 06:31:34 pm&amp#27;[m 
&amp#27;[38;2;0;96;168;1m[INFO]&amp#27;[m &amp#27;[mSetting discrete logging to: 'false' &amp#27;[m&amp#27;[90m| com.shaft.tools.io.ReportManager&amp#27;[m &amp#27;[90m- main&amp#27;[m &amp#27;[90m- 06:31:34 pm&amp#27;[m 
&amp#27;[38;2;0;96;168;1m[INFO]&amp#27;[m &amp#27;[m
------------------------------------------------------------------------------------------------------------------------------------------------
                                                Starting execution of set up configuration method                                                
                                                      'Suits.RegisterTests.Register.setUp'                                                      
------------------------------------------------------------------------------------------------------------------------------------------------
 &amp#27;[m&amp#27;[90m| com.shaft.tools.io.ReportManager&amp#27;[m &amp#27;[90m- main&amp#27;[m &amp#27;[90m- 06:31:34 pm&amp#27;[m 
&amp#27;[38;2;0;96;168;1m[INFO]&amp#27;[m &amp#27;[mSetting discrete logging to: 'true' &amp#27;[m&amp#27;[90m| com.shaft.tools.io.ReportManager&amp#27;[m &amp#27;[90m- main&amp#27;[m &amp#27;[90m- 06:31:34 pm&amp#27;[m 
&amp#27;[38;2;0;96;168;1m[INFO]&amp#27;[m &amp#27;[mSetting "targetOperatingSystem" property with "WINDOWS". &amp#27;[m&amp#27;[90m| com.shaft.tools.io.ReportManager&amp#27;[m &amp#27;[90m- main&amp#27;[m &amp#27;[90m- 06:31:34 pm&amp#27;[m 
&amp#27;[38;2;0;96;168;1m[INFO]&amp#27;[m &amp#27;[mSetting "screenshotParams_screenshotType" property with "Regular". &amp#27;[m&amp#27;[90m| com.shaft.tools.io.ReportManager&amp#27;[m &amp#27;[90m- main&amp#27;[m &amp#27;[90m- 06:31:34 pm&amp#27;[m 
&amp#27;[38;2;0;96;168;1m[INFO]&amp#27;[m &amp#27;[mFile Action "DoesFileExist" successfully performed. With the following test data "File Path: "target/downloadedFiles/"". &amp#27;[m&amp#27;[90m| com.shaft.tools.io.ReportManager&amp#27;[m &amp#27;[90m- main&amp#27;[m &amp#27;[90m- 06:31:34 pm&amp#27;[m 
&amp#27;[38;2;0;96;168;1m[INFO]&amp#27;[m &amp#27;[mFile Action "GetAbsolutePath" successfully performed. With the following test data "Relative Folder Path: "src/test/resources/testDataFiles/target/downloadedFiles/"". &amp#27;[m&amp#27;[90m| com.shaft.tools.io.ReportManager&amp#27;[m &amp#27;[90m- main&amp#27;[m &amp#27;[90m- 06:31:34 pm&amp#27;[m 
&amp#27;[38;2;0;96;168;1m[INFO]&amp#27;[m &amp#27;[mFile Action "DoesFileExist" successfully performed. With the following test data "File Path: "target/downloadedFiles/"". &amp#27;[m&amp#27;[90m| com.shaft.tools.io.ReportManager&amp#27;[m &amp#27;[90m- main&amp#27;[m &amp#27;[90m- 06:31:34 pm&amp#27;[m 
&amp#27;[38;2;0;96;168;1m[INFO]&amp#27;[m &amp#27;[mFile Action "GetAbsolutePath" successfully performed. With the following test data "Relative Folder Path: "src/test/resources/testDataFiles/target/downloadedFiles/"". &amp#27;[m&amp#27;[90m| com.shaft.tools.io.ReportManager&amp#27;[m &amp#27;[90m- main&amp#27;[m &amp#27;[90m- 06:31:34 pm&amp#27;[m 
&amp#27;[38;2;0;96;168;1m[INFO]&amp#27;[m &amp#27;[mAttempting to run locally on: "WINDOWS | Chrome". &amp#27;[m&amp#27;[90m| com.shaft.tools.io.ReportManager&amp#27;[m &amp#27;[90m- main&amp#27;[m &amp#27;[90m- 06:31:34 pm&amp#27;[m 
&amp#27;[38;2;0;96;168;1m[INFO]&amp#27;[m &amp#27;[mIdentifying OS/Driver combination and selecting the correct driver version automatically. Please note that if a new driver executable will be downloaded it may take some time... &amp#27;[m&amp#27;[90m| com.shaft.tools.io.ReportManager&amp#27;[m &amp#27;[90m- main&amp#27;[m &amp#27;[90m- 06:31:34 pm&amp#27;[m 
&amp#27;[38;2;0;96;168;1m[INFO]&amp#27;[m &amp#27;[mUsing chromedriver 112.0.5615.49 (resolved driver for Chrome 112) &amp#27;[m&amp#27;[90m| io.github.bonigarcia.wdm.WebDriverManager&amp#27;[m &amp#27;[90m- main&amp#27;[m &amp#27;[90m- 06:31:34 pm&amp#27;[m 
&amp#27;[38;2;0;96;168;1m[INFO]&amp#27;[m &amp#27;[mExporting webdriver.chrome.driver as C:\Users\DELL\.cache\selenium\chromedriver\win32\112.0.5615.49\chromedriver.exe &amp#27;[m&amp#27;[90m| io.github.bonigarcia.wdm.WebDriverManager&amp#27;[m &amp#27;[90m- main&amp#27;[m &amp#27;[90m- 06:31:35 pm&amp#27;[m 
&amp#27;[33;1m[WARN]&amp#27;[m &amp#27;[mStarting ChromeDriver 112.0.5615.49 (bd2a7bcb881c11e8cfe3078709382934e3916914-refs/branch-heads/5615@{#936}) on port 1506 &amp#27;[m&amp#27;[90m| com.shaft.tools.io.ReportManager&amp#27;[m &amp#27;[90m- Exec Stream Pumper&amp#27;[m &amp#27;[90m- 06:31:35 pm&amp#27;[m 
&amp#27;[33;1m[WARN]&amp#27;[m &amp#27;[mOnly local connections are allowed. &amp#27;[m&amp#27;[90m| com.shaft.tools.io.ReportManager&amp#27;[m &amp#27;[90m- Exec Stream Pumper&amp#27;[m &amp#27;[90m- 06:31:35 pm&amp#27;[m 
&amp#27;[33;1m[WARN]&amp#27;[m &amp#27;[mPlease see https://chromedriver.chromium.org/security-considerations for suggestions on keeping ChromeDriver safe. &amp#27;[m&amp#27;[90m| com.shaft.tools.io.ReportManager&amp#27;[m &amp#27;[90m- Exec Stream Pumper&amp#27;[m &amp#27;[90m- 06:31:35 pm&amp#27;[m 
&amp#27;[33;1m[WARN]&amp#27;[m &amp#27;[mChromeDriver was started successfully. &amp#27;[m&amp#27;[90m| com.shaft.tools.io.ReportManager&amp#27;[m &amp#27;[90m- Exec Stream Pumper&amp#27;[m &amp#27;[90m- 06:31:35 pm&amp#27;[m 
&amp#27;[33;1m[WARN]&amp#27;[m &amp#27;[m[1682782295.504][WARNING]: Ignoring unrecognized log type: client &amp#27;[m&amp#27;[90m| com.shaft.tools.io.ReportManager&amp#27;[m &amp#27;[90m- Exec Stream Pumper&amp#27;[m &amp#27;[90m- 06:31:35 pm&amp#27;[m 
&amp#27;[33;1m[WARN]&amp#27;[m &amp#27;[m[1682782295.505][WARNING]: Ignoring unrecognized log type: profiler &amp#27;[m&amp#27;[90m| com.shaft.tools.io.ReportManager&amp#27;[m &amp#27;[90m- Exec Stream Pumper&amp#27;[m &amp#27;[90m- 06:31:35 pm&amp#27;[m 
&amp#27;[33;1m[WARN]&amp#27;[m &amp#27;[m[1682782295.505][WARNING]: Ignoring unrecognized log type: server &amp#27;[m&amp#27;[90m| com.shaft.tools.io.ReportManager&amp#27;[m &amp#27;[90m- Exec Stream Pumper&amp#27;[m &amp#27;[90m- 06:31:35 pm&amp#27;[m 
&amp#27;[33;1m[WARN]&amp#27;[m &amp#27;[mApr 29, 2023 6:31:36 PM org.openqa.selenium.devtools.CdpVersionFinder findNearestMatch &amp#27;[m&amp#27;[90m| com.shaft.tools.io.ReportManager&amp#27;[m &amp#27;[90m- main&amp#27;[m &amp#27;[90m- 06:31:36 pm&amp#27;[m 
&amp#27;[33;1m[WARN]&amp#27;[m &amp#27;[mWARNING: Unable to find an exact match for CDP version 112, so returning the closest version found: 111 &amp#27;[m&amp#27;[90m| com.shaft.tools.io.ReportManager&amp#27;[m &amp#27;[90m- main&amp#27;[m &amp#27;[90m- 06:31:36 pm&amp#27;[m 
&amp#27;[38;2;0;96;168;1m[INFO]&amp#27;[m &amp#27;[mSuccessfully Opened: "WINDOWS | Chrome". &amp#27;[m&amp#27;[90m| com.shaft.tools.io.ReportManager&amp#27;[m &amp#27;[90m- main&amp#27;[m &amp#27;[90m- 06:31:36 pm&amp#27;[m 
&amp#27;[38;2;0;96;168;1m[INFO]&amp#27;[m &amp#27;[mRecording started &amp#27;[m&amp#27;[90m| com.automation.remarks.video.recorder.monte.MonteRecorder&amp#27;[m &amp#27;[90m- main&amp#27;[m &amp#27;[90m- 06:31:36 pm&amp#27;[m 
&amp#27;[38;2;0;96;168;1m[INFO]&amp#27;[m &amp#27;[mTarget URL: "https://automationexercise.com/" &amp#27;[m&amp#27;[90m| com.shaft.tools.io.ReportManager&amp#27;[m &amp#27;[90m- main&amp#27;[m &amp#27;[90m- 06:31:36 pm&amp#27;[m 
&amp#27;[38;2;0;96;168;1m[INFO]&amp#27;[m &amp#27;[mFile Action "CreateFile" successfully performed. With the following test data "Target Folder: "allure-results//screenshots/20230429-183143", Target File: "\1682782303695_setUp.gif"". &amp#27;[m&amp#27;[90m| com.shaft.tools.io.ReportManager&amp#27;[m &amp#27;[90m- main&amp#27;[m &amp#27;[90m- 06:31:43 pm&amp#27;[m 
&amp#27;[38;2;0;96;168;1m[INFO]&amp#27;[m &amp#27;[mNavigate to url "https://automationexercise.com/". &amp#27;[m&amp#27;[90m| com.shaft.tools.io.ReportManager&amp#27;[m &amp#27;[90m- main&amp#27;[m &amp#27;[90m- 06:31:45 pm&amp#27;[m 
&amp#27;[38;2;0;96;168;1m[INFO]&amp#27;[m &amp#27;[mSetting discrete logging to: 'true' &amp#27;[m&amp#27;[90m| com.shaft.tools.io.ReportManager&amp#27;[m &amp#27;[90m- main&amp#27;[m &amp#27;[90m- 06:31:45 pm&amp#27;[m 
&amp#27;[38;2;0;96;168;1m[INFO]&amp#27;[m &amp#27;[mSetting discrete logging to: 'false' &amp#27;[m&amp#27;[90m| com.shaft.tools.io.ReportManager&amp#27;[m &amp#27;[90m- main&amp#27;[m &amp#27;[90m- 06:31:45 pm&amp#27;[m 
&amp#27;[38;2;0;96;168;1m[INFO]&amp#27;[m &amp#27;[m
------------------------------------------------------------------------------------------------------------------------------------------------
                                        Starting Execution: '1 out of 2' test cases in the current suite                                        
                                            Test Method: 'Suits.RegisterTests.Register.testRegister'                                            
------------------------------------------------------------------------------------------------------------------------------------------------
 &amp#27;[m&amp#27;[90m| com.shaft.tools.io.ReportManager&amp#27;[m &amp#27;[90m- main&amp#27;[m &amp#27;[90m- 06:31:45 pm&amp#27;[m 
&amp#27;[38;2;0;96;168;1m[INFO]&amp#27;[m &amp#27;[mSetting discrete logging to: 'true' &amp#27;[m&amp#27;[90m| com.shaft.tools.io.ReportManager&amp#27;[m &amp#27;[90m- main&amp#27;[m &amp#27;[90m- 06:31:45 pm&amp#27;[m 
&amp#27;[38;2;0;96;168;1m[INFO]&amp#27;[m &amp#27;[mClick " Signup / Login". &amp#27;[m&amp#27;[90m| com.shaft.tools.io.ReportManager&amp#27;[m &amp#27;[90m- main&amp#27;[m &amp#27;[90m- 06:31:46 pm&amp#27;[m 
&amp#27;[38;2;0;96;168;1m[INFO]&amp#27;[m &amp#27;[mType "Abdo" into "Name". &amp#27;[m&amp#27;[90m| com.shaft.tools.io.ReportManager&amp#27;[m &amp#27;[90m- main&amp#27;[m &amp#27;[90m- 06:31:50 pm&amp#27;[m 
&amp#27;[38;2;0;96;168;1m[INFO]&amp#27;[m &amp#27;[mType "testAbdoEmad12345678910@gmail.com" into "Email Address". &amp#27;[m&amp#27;[90m| com.shaft.tools.io.ReportManager&amp#27;[m &amp#27;[90m- main&amp#27;[m &amp#27;[90m- 06:31:50 pm&amp#27;[m 
&amp#27;[38;2;0;96;168;1m[INFO]&amp#27;[m &amp#27;[mClick "Signup". &amp#27;[m&amp#27;[90m| com.shaft.tools.io.ReportManager&amp#27;[m &amp#27;[90m- main&amp#27;[m &amp#27;[90m- 06:31:51 pm&amp#27;[m 
&amp#27;[38;2;0;96;168;1m[INFO]&amp#27;[m &amp#27;[mClick "Mr.". &amp#27;[m&amp#27;[90m| com.shaft.tools.io.ReportManager&amp#27;[m &amp#27;[90m- main&amp#27;[m &amp#27;[90m- 06:31:54 pm&amp#27;[m 
&amp#27;[38;2;0;96;168;1m[INFO]&amp#27;[m &amp#27;[mType "123456" into "Password *". &amp#27;[m&amp#27;[90m| com.shaft.tools.io.ReportManager&amp#27;[m &amp#27;[90m- main&amp#27;[m &amp#27;[90m- 06:31:54 pm&amp#27;[m 
&amp#27;[38;2;0;96;168;1m[INFO]&amp#27;[m &amp#27;[mSelect "6" from "By.id: days". &amp#27;[m&amp#27;[90m| com.shaft.tools.io.ReportManager&amp#27;[m &amp#27;[90m- main&amp#27;[m &amp#27;[90m- 06:31:55 pm&amp#27;[m 
&amp#27;[38;2;0;96;168;1m[INFO]&amp#27;[m &amp#27;[mSelect "June" from "By.id: months". &amp#27;[m&amp#27;[90m| com.shaft.tools.io.ReportManager&amp#27;[m &amp#27;[90m- main&amp#27;[m &amp#27;[90m- 06:31:56 pm&amp#27;[m 
&amp#27;[38;2;0;96;168;1m[INFO]&amp#27;[m &amp#27;[mSelect "1998" from "By.id: years". &amp#27;[m&amp#27;[90m| com.shaft.tools.io.ReportManager&amp#27;[m &amp#27;[90m- main&amp#27;[m &amp#27;[90m- 06:31:58 pm&amp#27;[m 
&amp#27;[38;2;0;96;168;1m[INFO]&amp#27;[m &amp#27;[mClick "By.cssSelector: [for='newsletter']". &amp#27;[m&amp#27;[90m| com.shaft.tools.io.ReportManager&amp#27;[m &amp#27;[90m- main&amp#27;[m &amp#27;[90m- 06:31:58 pm&amp#27;[m 
&amp#27;[38;2;0;96;168;1m[INFO]&amp#27;[m &amp#27;[mType "test" into "First name *". &amp#27;[m&amp#27;[90m| com.shaft.tools.io.ReportManager&amp#27;[m &amp#27;[90m- main&amp#27;[m &amp#27;[90m- 06:31:59 pm&amp#27;[m 
&amp#27;[38;2;0;96;168;1m[INFO]&amp#27;[m &amp#27;[mType "dd" into "Last name *". &amp#27;[m&amp#27;[90m| com.shaft.tools.io.ReportManager&amp#27;[m &amp#27;[90m- main&amp#27;[m &amp#27;[90m- 06:31:59 pm&amp#27;[m 
&amp#27;[38;2;0;96;168;1m[INFO]&amp#27;[m &amp#27;[mType "youxel" into "Company". &amp#27;[m&amp#27;[90m| com.shaft.tools.io.ReportManager&amp#27;[m &amp#27;[90m- main&amp#27;[m &amp#27;[90m- 06:32:00 pm&amp#27;[m 
&amp#27;[38;2;0;96;168;1m[INFO]&amp#27;[m &amp#27;[mType "eee" into "Address * (Street address, P.O. Box, Company name, etc.)". &amp#27;[m&amp#27;[90m| com.shaft.tools.io.ReportManager&amp#27;[m &amp#27;[90m- main&amp#27;[m &amp#27;[90m- 06:32:00 pm&amp#27;[m 
&amp#27;[38;2;0;96;168;1m[INFO]&amp#27;[m &amp#27;[mSelect "Canada" from "Country *". &amp#27;[m&amp#27;[90m| com.shaft.tools.io.ReportManager&amp#27;[m &amp#27;[90m- main&amp#27;[m &amp#27;[90m- 06:32:01 pm&amp#27;[m 
&amp#27;[38;2;0;96;168;1m[INFO]&amp#27;[m &amp#27;[mType "ddd" into "State *". &amp#27;[m&amp#27;[90m| com.shaft.tools.io.ReportManager&amp#27;[m &amp#27;[90m- main&amp#27;[m &amp#27;[90m- 06:32:02 pm&amp#27;[m 
&amp#27;[38;2;0;96;168;1m[INFO]&amp#27;[m &amp#27;[mType "ddd" into "City * Zipcode *". &amp#27;[m&amp#27;[90m| com.shaft.tools.io.ReportManager&amp#27;[m &amp#27;[90m- main&amp#27;[m &amp#27;[90m- 06:32:02 pm&amp#27;[m 
&amp#27;[38;2;0;96;168;1m[INFO]&amp#27;[m &amp#27;[mType "123" into "By.id: zipcode". &amp#27;[m&amp#27;[90m| com.shaft.tools.io.ReportManager&amp#27;[m &amp#27;[90m- main&amp#27;[m &amp#27;[90m- 06:32:03 pm&amp#27;[m 
&amp#27;[38;2;0;96;168;1m[INFO]&amp#27;[m &amp#27;[mType "01234564" into "Mobile Number *". &amp#27;[m&amp#27;[90m| com.shaft.tools.io.ReportManager&amp#27;[m &amp#27;[90m- main&amp#27;[m &amp#27;[90m- 06:32:03 pm&amp#27;[m 
&amp#27;[38;2;0;96;168;1m[INFO]&amp#27;[m &amp#27;[mClick "Create Account". &amp#27;[m&amp#27;[90m| com.shaft.tools.io.ReportManager&amp#27;[m &amp#27;[90m- main&amp#27;[m &amp#27;[90m- 06:32:04 pm&amp#27;[m 
&amp#27;[38;2;0;96;168;1m[INFO]&amp#27;[m &amp#27;[mSetting discrete logging to: 'true' &amp#27;[m&amp#27;[90m| com.shaft.tools.io.ReportManager&amp#27;[m &amp#27;[90m- main&amp#27;[m &amp#27;[90m- 06:32:08 pm&amp#27;[m 
&amp#27;[38;2;0;96;168;1m[INFO]&amp#27;[m &amp#27;[mGet text "ACCOUNT CREATED!" from "By.cssSelector: h2 b". &amp#27;[m&amp#27;[90m| com.shaft.tools.io.ReportManager&amp#27;[m &amp#27;[90m- main&amp#27;[m &amp#27;[90m- 06:32:08 pm&amp#27;[m 
&amp#27;[38;2;0;96;168;1m[INFO]&amp#27;[m &amp#27;[mExpected "ACCOUNT CREATED!", and actual "ACCOUNT CREATED!" &amp#27;[m&amp#27;[90m| com.shaft.tools.io.ReportManager&amp#27;[m &amp#27;[90m- main&amp#27;[m &amp#27;[90m- 06:32:08 pm&amp#27;[m 
&amp#27;[38;2;0;96;168;1m[INFO]&amp#27;[m &amp#27;[mAssertion "ValidateElementAttribute" PASSED. Expected "Value Should be 'ACCOUNT CREATED!' for the 'text' attribute, element locator 'By.cssSelector: h2 b'" and Actual "ACCOUNT CREATED!". Comparison Type "CASE_INSENSITIVE". Validation Type "POSITIVE". &amp#27;[m&amp#27;[90m| com.shaft.tools.io.ReportManager&amp#27;[m &amp#27;[90m- main&amp#27;[m &amp#27;[90m- 06:32:09 pm&amp#27;[m 
&amp#27;[38;2;0;96;168;1m[INFO]&amp#27;[m &amp#27;[mSuccessfully created attachment 'Screenshot - 1682782329473_testRegister_ValidateElementAttribute_passed' &amp#27;[m&amp#27;[90m| com.shaft.tools.io.ReportManager&amp#27;[m &amp#27;[90m- main&amp#27;[m &amp#27;[90m- 06:32:09 pm&amp#27;[m 
&amp#27;[38;2;0;96;168;1m[INFO]&amp#27;[m &amp#27;[mSuccessfully created attachment 'Animated Gif - testRegister' &amp#27;[m&amp#27;[90m| com.shaft.tools.io.ReportManager&amp#27;[m &amp#27;[90m- main&amp#27;[m &amp#27;[90m- 06:32:09 pm&amp#27;[m 
&amp#27;[38;2;0;96;168;1m[INFO]&amp#27;[m &amp#27;[mSuccessfully created attachment 'SHAFT Engine Logs - Current Method log: testRegister' &amp#27;[m&amp#27;[90m| com.shaft.tools.io.ReportManager&amp#27;[m &amp#27;[90m- main&amp#27;[m &amp#27;[90m- 06:32:09 pm&amp#27;[m 
&amp#27;[38;2;0;96;168;1m[INFO]&amp#27;[m &amp#27;[mSetting discrete logging to: 'true' &amp#27;[m&amp#27;[90m| com.shaft.tools.io.ReportManager&amp#27;[m &amp#27;[90m- main&amp#27;[m &amp#27;[90m- 06:32:09 pm&amp#27;[m 
]]></system-out>
  </testcase>
  <testcase name="testLoginFunctionality" classname="Suits.Login.LoginTest" time="11.921">
    <system-out><![CDATA[&amp#27;[38;2;0;96;168;1m[INFO]&amp#27;[m &amp#27;[mSetting discrete logging to: 'false' &amp#27;[m&amp#27;[90m| com.shaft.tools.io.ReportManager&amp#27;[m &amp#27;[90m- main&amp#27;[m &amp#27;[90m- 06:32:09 pm&amp#27;[m 
&amp#27;[38;2;0;96;168;1m[INFO]&amp#27;[m &amp#27;[m
------------------------------------------------------------------------------------------------------------------------------------------------
                                                Starting execution of set up configuration method                                                
                                                          'Suits.Login.LoginTest.setUp'                                                          
------------------------------------------------------------------------------------------------------------------------------------------------
 &amp#27;[m&amp#27;[90m| com.shaft.tools.io.ReportManager&amp#27;[m &amp#27;[90m- main&amp#27;[m &amp#27;[90m- 06:32:09 pm&amp#27;[m 
&amp#27;[38;2;0;96;168;1m[INFO]&amp#27;[m &amp#27;[mSetting discrete logging to: 'true' &amp#27;[m&amp#27;[90m| com.shaft.tools.io.ReportManager&amp#27;[m &amp#27;[90m- main&amp#27;[m &amp#27;[90m- 06:32:09 pm&amp#27;[m 
&amp#27;[38;2;0;96;168;1m[INFO]&amp#27;[m &amp#27;[mSetting "targetOperatingSystem" property with "WINDOWS". &amp#27;[m&amp#27;[90m| com.shaft.tools.io.ReportManager&amp#27;[m &amp#27;[90m- main&amp#27;[m &amp#27;[90m- 06:32:09 pm&amp#27;[m 
&amp#27;[38;2;0;96;168;1m[INFO]&amp#27;[m &amp#27;[mSetting "screenshotParams_screenshotType" property with "Regular". &amp#27;[m&amp#27;[90m| com.shaft.tools.io.ReportManager&amp#27;[m &amp#27;[90m- main&amp#27;[m &amp#27;[90m- 06:32:09 pm&amp#27;[m 
&amp#27;[38;2;0;96;168;1m[INFO]&amp#27;[m &amp#27;[mFile Action "DoesFileExist" successfully performed. With the following test data "File Path: "target/downloadedFiles/"". &amp#27;[m&amp#27;[90m| com.shaft.tools.io.ReportManager&amp#27;[m &amp#27;[90m- main&amp#27;[m &amp#27;[90m- 06:32:09 pm&amp#27;[m 
&amp#27;[38;2;0;96;168;1m[INFO]&amp#27;[m &amp#27;[mFile Action "GetAbsolutePath" successfully performed. With the following test data "Relative Folder Path: "src/test/resources/testDataFiles/target/downloadedFiles/"". &amp#27;[m&amp#27;[90m| com.shaft.tools.io.ReportManager&amp#27;[m &amp#27;[90m- main&amp#27;[m &amp#27;[90m- 06:32:09 pm&amp#27;[m 
&amp#27;[38;2;0;96;168;1m[INFO]&amp#27;[m &amp#27;[mFile Action "DoesFileExist" successfully performed. With the following test data "File Path: "target/downloadedFiles/"". &amp#27;[m&amp#27;[90m| com.shaft.tools.io.ReportManager&amp#27;[m &amp#27;[90m- main&amp#27;[m &amp#27;[90m- 06:32:09 pm&amp#27;[m 
&amp#27;[38;2;0;96;168;1m[INFO]&amp#27;[m &amp#27;[mFile Action "GetAbsolutePath" successfully performed. With the following test data "Relative Folder Path: "src/test/resources/testDataFiles/target/downloadedFiles/"". &amp#27;[m&amp#27;[90m| com.shaft.tools.io.ReportManager&amp#27;[m &amp#27;[90m- main&amp#27;[m &amp#27;[90m- 06:32:09 pm&amp#27;[m 
&amp#27;[38;2;0;96;168;1m[INFO]&amp#27;[m &amp#27;[mAttempting to run locally on: "WINDOWS | Chrome". &amp#27;[m&amp#27;[90m| com.shaft.tools.io.ReportManager&amp#27;[m &amp#27;[90m- main&amp#27;[m &amp#27;[90m- 06:32:09 pm&amp#27;[m 
&amp#27;[38;2;0;96;168;1m[INFO]&amp#27;[m &amp#27;[mIdentifying OS/Driver combination and selecting the correct driver version automatically. Please note that if a new driver executable will be downloaded it may take some time... &amp#27;[m&amp#27;[90m| com.shaft.tools.io.ReportManager&amp#27;[m &amp#27;[90m- main&amp#27;[m &amp#27;[90m- 06:32:09 pm&amp#27;[m 
&amp#27;[38;2;0;96;168;1m[INFO]&amp#27;[m &amp#27;[mUsing chromedriver 112.0.5615.49 (resolved driver for Chrome 112) &amp#27;[m&amp#27;[90m| io.github.bonigarcia.wdm.WebDriverManager&amp#27;[m &amp#27;[90m- main&amp#27;[m &amp#27;[90m- 06:32:09 pm&amp#27;[m 
&amp#27;[38;2;0;96;168;1m[INFO]&amp#27;[m &amp#27;[mExporting webdriver.chrome.driver as C:\Users\DELL\.cache\selenium\chromedriver\win32\112.0.5615.49\chromedriver.exe &amp#27;[m&amp#27;[90m| io.github.bonigarcia.wdm.WebDriverManager&amp#27;[m &amp#27;[90m- main&amp#27;[m &amp#27;[90m- 06:32:09 pm&amp#27;[m 
&amp#27;[33;1m[WARN]&amp#27;[m &amp#27;[mStarting ChromeDriver 112.0.5615.49 (bd2a7bcb881c11e8cfe3078709382934e3916914-refs/branch-heads/5615@{#936}) on port 13920 &amp#27;[m&amp#27;[90m| com.shaft.tools.io.ReportManager&amp#27;[m &amp#27;[90m- Exec Stream Pumper&amp#27;[m &amp#27;[90m- 06:32:09 pm&amp#27;[m 
&amp#27;[33;1m[WARN]&amp#27;[m &amp#27;[mOnly local connections are allowed. &amp#27;[m&amp#27;[90m| com.shaft.tools.io.ReportManager&amp#27;[m &amp#27;[90m- Exec Stream Pumper&amp#27;[m &amp#27;[90m- 06:32:09 pm&amp#27;[m 
&amp#27;[33;1m[WARN]&amp#27;[m &amp#27;[mPlease see https://chromedriver.chromium.org/security-considerations for suggestions on keeping ChromeDriver safe. &amp#27;[m&amp#27;[90m| com.shaft.tools.io.ReportManager&amp#27;[m &amp#27;[90m- Exec Stream Pumper&amp#27;[m &amp#27;[90m- 06:32:09 pm&amp#27;[m 
&amp#27;[33;1m[WARN]&amp#27;[m &amp#27;[mChromeDriver was started successfully. &amp#27;[m&amp#27;[90m| com.shaft.tools.io.ReportManager&amp#27;[m &amp#27;[90m- Exec Stream Pumper&amp#27;[m &amp#27;[90m- 06:32:09 pm&amp#27;[m 
&amp#27;[33;1m[WARN]&amp#27;[m &amp#27;[m[1682782329.936][WARNING]: Ignoring unrecognized log type: client &amp#27;[m&amp#27;[90m| com.shaft.tools.io.ReportManager&amp#27;[m &amp#27;[90m- Exec Stream Pumper&amp#27;[m &amp#27;[90m- 06:32:09 pm&amp#27;[m 
&amp#27;[33;1m[WARN]&amp#27;[m &amp#27;[m[1682782329.936][WARNING]: Ignoring unrecognized log type: profiler &amp#27;[m&amp#27;[90m| com.shaft.tools.io.ReportManager&amp#27;[m &amp#27;[90m- Exec Stream Pumper&amp#27;[m &amp#27;[90m- 06:32:09 pm&amp#27;[m 
&amp#27;[33;1m[WARN]&amp#27;[m &amp#27;[m[1682782329.936][WARNING]: Ignoring unrecognized log type: server &amp#27;[m&amp#27;[90m| com.shaft.tools.io.ReportManager&amp#27;[m &amp#27;[90m- Exec Stream Pumper&amp#27;[m &amp#27;[90m- 06:32:09 pm&amp#27;[m 
&amp#27;[33;1m[WARN]&amp#27;[m &amp#27;[mApr 29, 2023 6:32:10 PM org.openqa.selenium.devtools.CdpVersionFinder findNearestMatch &amp#27;[m&amp#27;[90m| com.shaft.tools.io.ReportManager&amp#27;[m &amp#27;[90m- main&amp#27;[m &amp#27;[90m- 06:32:10 pm&amp#27;[m 
&amp#27;[33;1m[WARN]&amp#27;[m &amp#27;[mWARNING: Unable to find an exact match for CDP version 112, so returning the closest version found: 111 &amp#27;[m&amp#27;[90m| com.shaft.tools.io.ReportManager&amp#27;[m &amp#27;[90m- main&amp#27;[m &amp#27;[90m- 06:32:10 pm&amp#27;[m 
&amp#27;[38;2;0;96;168;1m[INFO]&amp#27;[m &amp#27;[mSuccessfully Opened: "WINDOWS | Chrome". &amp#27;[m&amp#27;[90m| com.shaft.tools.io.ReportManager&amp#27;[m &amp#27;[90m- main&amp#27;[m &amp#27;[90m- 06:32:10 pm&amp#27;[m 
&amp#27;[38;2;0;96;168;1m[INFO]&amp#27;[m &amp#27;[mTarget URL: "https://automationexercise.com/" &amp#27;[m&amp#27;[90m| com.shaft.tools.io.ReportManager&amp#27;[m &amp#27;[90m- main&amp#27;[m &amp#27;[90m- 06:32:10 pm&amp#27;[m 
&amp#27;[38;2;0;96;168;1m[INFO]&amp#27;[m &amp#27;[mFile Action "CreateFile" successfully performed. With the following test data "Target Folder: "allure-results//screenshots/20230429-183143", Target File: "\1682782337648_setUp.gif"". &amp#27;[m&amp#27;[90m| com.shaft.tools.io.ReportManager&amp#27;[m &amp#27;[90m- main&amp#27;[m &amp#27;[90m- 06:32:17 pm&amp#27;[m 
&amp#27;[38;2;0;96;168;1m[INFO]&amp#27;[m &amp#27;[mNavigate to url "https://automationexercise.com/". &amp#27;[m&amp#27;[90m| com.shaft.tools.io.ReportManager&amp#27;[m &amp#27;[90m- main&amp#27;[m &amp#27;[90m- 06:32:18 pm&amp#27;[m 
&amp#27;[38;2;0;96;168;1m[INFO]&amp#27;[m &amp#27;[mSetting discrete logging to: 'true' &amp#27;[m&amp#27;[90m| com.shaft.tools.io.ReportManager&amp#27;[m &amp#27;[90m- main&amp#27;[m &amp#27;[90m- 06:32:18 pm&amp#27;[m 
&amp#27;[38;2;0;96;168;1m[INFO]&amp#27;[m &amp#27;[mSetting discrete logging to: 'false' &amp#27;[m&amp#27;[90m| com.shaft.tools.io.ReportManager&amp#27;[m &amp#27;[90m- main&amp#27;[m &amp#27;[90m- 06:32:18 pm&amp#27;[m 
&amp#27;[38;2;0;96;168;1m[INFO]&amp#27;[m &amp#27;[m
------------------------------------------------------------------------------------------------------------------------------------------------
                                        Starting Execution: '2 out of 2' test cases in the current suite                                        
                                           Test Method: 'Suits.Login.LoginTest.testLoginFunctionality'                                           
------------------------------------------------------------------------------------------------------------------------------------------------
 &amp#27;[m&amp#27;[90m| com.shaft.tools.io.ReportManager&amp#27;[m &amp#27;[90m- main&amp#27;[m &amp#27;[90m- 06:32:18 pm&amp#27;[m 
&amp#27;[38;2;0;96;168;1m[INFO]&amp#27;[m &amp#27;[mSetting discrete logging to: 'true' &amp#27;[m&amp#27;[90m| com.shaft.tools.io.ReportManager&amp#27;[m &amp#27;[90m- main&amp#27;[m &amp#27;[90m- 06:32:18 pm&amp#27;[m 
&amp#27;[38;2;0;96;168;1m[INFO]&amp#27;[m &amp#27;[mClick " Signup / Login". &amp#27;[m&amp#27;[90m| com.shaft.tools.io.ReportManager&amp#27;[m &amp#27;[90m- main&amp#27;[m &amp#27;[90m- 06:32:19 pm&amp#27;[m 
&amp#27;[38;2;0;96;168;1m[INFO]&amp#27;[m &amp#27;[mType "testAbdoEmad12345678910@gmail.com" into "Email Address". &amp#27;[m&amp#27;[90m| com.shaft.tools.io.ReportManager&amp#27;[m &amp#27;[90m- main&amp#27;[m &amp#27;[90m- 06:32:21 pm&amp#27;[m 
&amp#27;[38;2;0;96;168;1m[INFO]&amp#27;[m &amp#27;[mType "123456" into "Password". &amp#27;[m&amp#27;[90m| com.shaft.tools.io.ReportManager&amp#27;[m &amp#27;[90m- main&amp#27;[m &amp#27;[90m- 06:32:22 pm&amp#27;[m 
&amp#27;[38;2;0;96;168;1m[INFO]&amp#27;[m &amp#27;[mClick "Login". &amp#27;[m&amp#27;[90m| com.shaft.tools.io.ReportManager&amp#27;[m &amp#27;[90m- main&amp#27;[m &amp#27;[90m- 06:32:23 pm&amp#27;[m 
&amp#27;[38;2;0;96;168;1m[INFO]&amp#27;[m &amp#27;[mSetting discrete logging to: 'true' &amp#27;[m&amp#27;[90m| com.shaft.tools.io.ReportManager&amp#27;[m &amp#27;[90m- main&amp#27;[m &amp#27;[90m- 06:32:28 pm&amp#27;[m 
&amp#27;[38;2;0;96;168;1m[INFO]&amp#27;[m &amp#27;[mGet text "Logged in as Abdo" from "By.xpath: //div/div/div/div[2]/div/ul/li[10]/a". &amp#27;[m&amp#27;[90m| com.shaft.tools.io.ReportManager&amp#27;[m &amp#27;[90m- main&amp#27;[m &amp#27;[90m- 06:32:29 pm&amp#27;[m 
&amp#27;[38;2;0;96;168;1m[INFO]&amp#27;[m &amp#27;[mExpected "Logged in as", and actual "Logged in as Abdo" &amp#27;[m&amp#27;[90m| com.shaft.tools.io.ReportManager&amp#27;[m &amp#27;[90m- main&amp#27;[m &amp#27;[90m- 06:32:29 pm&amp#27;[m 
&amp#27;[38;2;0;96;168;1m[INFO]&amp#27;[m &amp#27;[mAssertion "ValidateElementAttribute" PASSED. Expected "Value Should be 'Logged in as' for the 'text' attribute, element locator 'By.xpath: //div/div/div/div[2]/div/ul/li[10]/a'" and Actual "Logged in as Abdo". Comparison Type "CONTAINS". Validation Type "POSITIVE". &amp#27;[m&amp#27;[90m| com.shaft.tools.io.ReportManager&amp#27;[m &amp#27;[90m- main&amp#27;[m &amp#27;[90m- 06:32:30 pm&amp#27;[m 
&amp#27;[38;2;0;96;168;1m[INFO]&amp#27;[m &amp#27;[mSuccessfully created attachment 'Screenshot - 1682782350059_testLoginFunctionality_ValidateElementAttribute_passed' &amp#27;[m&amp#27;[90m| com.shaft.tools.io.ReportManager&amp#27;[m &amp#27;[90m- main&amp#27;[m &amp#27;[90m- 06:32:30 pm&amp#27;[m 
&amp#27;[38;2;0;96;168;1m[INFO]&amp#27;[m &amp#27;[mSuccessfully created attachment 'Animated Gif - testLoginFunctionality' &amp#27;[m&amp#27;[90m| com.shaft.tools.io.ReportManager&amp#27;[m &amp#27;[90m- main&amp#27;[m &amp#27;[90m- 06:32:30 pm&amp#27;[m 
&amp#27;[38;2;0;96;168;1m[INFO]&amp#27;[m &amp#27;[mSuccessfully created attachment 'SHAFT Engine Logs - Current Method log: testLoginFunctionality' &amp#27;[m&amp#27;[90m| com.shaft.tools.io.ReportManager&amp#27;[m &amp#27;[90m- main&amp#27;[m &amp#27;[90m- 06:32:30 pm&amp#27;[m 
&amp#27;[38;2;0;96;168;1m[INFO]&amp#27;[m &amp#27;[mSetting discrete logging to: 'true' &amp#27;[m&amp#27;[90m| com.shaft.tools.io.ReportManager&amp#27;[m &amp#27;[90m- main&amp#27;[m &amp#27;[90m- 06:32:30 pm&amp#27;[m 
]]></system-out>
  </testcase>
</testsuite>